#
# A fatal error has been detected by the Java Runtime Environment:
#
#  SIGBUS (0xa) at pc=0x0000000115b594e4, pid=45625, tid=10499
#
# JRE version: Java(TM) SE Runtime Environment (17.0.7+8) (build 17.0.7+8-LTS-224)
# Java VM: Java HotSpot(TM) 64-Bit Server VM (17.0.7+8-LTS-224, mixed mode, sharing, tiered, compressed oops, compressed class ptrs, g1 gc, bsd-aarch64)
# Problematic frame:
# v  ~StubRoutines::SafeFetch32
#
# No core dump will be written. Core dumps have been disabled. To enable core dumping, try "ulimit -c unlimited" before starting Java again
#
# JFR recording file will be written. Location: /Users/changli/Desktop/gamelist-spring/hs_err_pid45625.jfr
#
# If you would like to submit a bug report, please visit:
#   https://bugreport.java.com/bugreport/crash.jsp
#

---------------  S U M M A R Y ------------

Command Line: -ea -Didea.test.cyclic.buffer.size=1048576 -javaagent:/Users/changli/Library/Application Support/JetBrains/Toolbox/apps/IDEA-U/ch-0/231.9392.1/IntelliJ IDEA.app/Contents/lib/idea_rt.jar=59573:/Users/changli/Library/Application Support/JetBrains/Toolbox/apps/IDEA-U/ch-0/231.9392.1/IntelliJ IDEA.app/Contents/bin -agentpath:/private/var/folders/hm/032r7g4n7w1bjzqrb88hrkwm0000gp/T/libasyncProfiler.so=start,jfr,event=cpu,interval=10ms,jfrsync=profile,cstack=no,file=/Users/changli/IdeaSnapshots/PostRepositoryTests__1__2023_08_08_162859.jfr,log=/private/var/folders/hm/032r7g4n7w1bjzqrb88hrkwm0000gp/T/PostRepositoryTests__1__2023_08_08_162859.jfr.log.txt,logLevel=DEBUG -Dfile.encoding=UTF-8 com.intellij.rt.junit.JUnitStarter -ideVersion5 -junit5 com.game.gamelist.repository.PostRepositoryTests

Host: "MacBookPro18,3" arm64 1 MHz, 8 cores, 16G, Darwin 21.6.0, macOS 12.5.1 (21G83)
Time: Tue Aug  8 16:29:01 2023 CST elapsed time: 1.670730 seconds (0d 0h 0m 1s)

---------------  T H R E A D  ---------------

Current thread (0x000000014fa2d200):  JavaThread "main" [_thread_in_Java, id=10499, stack(0x000000016b0b8000,0x000000016b2bb000)]

Stack: [0x000000016b0b8000,0x000000016b2bb000],  sp=0x000000016b2b8ae0,  free space=2050k
Native frames: (J=compiled Java code, j=interpreted, Vv=VM code, C=native code)
v  ~StubRoutines::SafeFetch32
V  [libjvm.dylib+0x7ae654]  _ZN2os17is_readable_rangeEPKvS1_+0x2c
V  [libjvm.dylib+0x75eed0]  _ZN6Method15is_valid_methodEPKS_+0x38
V  [libjvm.dylib+0x35793c]  _ZNK5frame26is_interpreted_frame_validEP10JavaThread+0x7c
V  [libjvm.dylib+0x354ab8]  _ZL31forte_fill_call_trace_given_topP10JavaThreadP15ASGCT_CallTracei5frame+0x3b4
V  [libjvm.dylib+0x3546f0]  AsyncGetCallTrace+0x1c8
C  [libasyncProfiler.so+0x3b16c]  _ZN8Profiler17getJavaTraceAsyncEPvP15ASGCT_CallFrameiP12StackContext+0x674
C  [libasyncProfiler.so+0x3bd04]  _ZN8Profiler21recordSampleForThreadEiPvyiP5EventPi+0x1c4
C  [libasyncProfiler.so+0x4a03c]  _ZN9WallClock13signalHandlerEiP9__siginfoPv+0xa8
C  [libsystem_platform.dylib+0x44a4]  _sigtramp+0x38
C  0x9607000115b5de68
J 1175 c1 java.lang.String.equalsIgnoreCase(Ljava/lang/String;)Z java.base@17.0.7 (45 bytes) @ 0x000000010e8a9e40 [0x000000010e8a9d40+0x0000000000000100]
C  0x0000000000000000


siginfo: si_signo: 10 (SIGBUS), si_code: 1 (BUS_ADRALN), si_addr: 0x0000000115b594e4

Register to memory mapping:

 x0=0x000000080042c000 is pointing into metadata
 x1=0x00000000cafebabe is an unknown value
 x2=0x0 is NULL
 x3=0x0 is NULL
 x4=0x0 is NULL
 x5=0x0 is NULL
 x6=0x0000000084400000 is an unknown value
 x7=0x00000000000007e0 is an unknown value
 x8=0x0000000115b594e0 is at begin+0 in a stub
StubRoutines::SafeFetch32 [0x0000000115b594e0, 0x0000000115b594ec] (12 bytes)
 x9=0x000000016b2b9eb0 is pointing into the stack for thread: 0x000000014fa2d200
x10=0x0 is NULL
x11=0x000000016b2b9f00 is pointing into the stack for thread: 0x000000014fa2d200
x12=0x00000000000050b7 is an unknown value
x13=0x0 is NULL
x14=0x0000000000000020 is an unknown value
x15=0x0000000800548688 is pointing into metadata
x16=0x000000018b5a30fc: pthread_getspecific+0 in /usr/lib/system/libsystem_pthread.dylib at 0x000000018b5a1000
x17=0x0000600003e4ccb0 points into unknown readable memory: 0xfffffffffffffffe | fe ff ff ff ff ff ff ff
x18=0x0 is NULL
x19=0x000000080042c000 is pointing into metadata
x20=0x000000014fa2d200 is a thread
x21=0x0000000000000001 is an unknown value
x22=0x0000000106abc540: _ZN12StubRoutines25_call_stub_return_addressE+0 in /Library/Java/JavaVirtualMachines/jdk-17.jdk/Contents/Home/lib/server/libjvm.dylib at 0x0000000105f14000
x23=0x0000000106abc798: _ZN12StubRoutines18_safefetch32_entryE+0 in /Library/Java/JavaVirtualMachines/jdk-17.jdk/Contents/Home/lib/server/libjvm.dylib at 0x0000000105f14000
x24=0x00000000cafebabe is an unknown value
x25=0x00000001052345f8: _ZN9VMStructs20_nmethod_name_offsetE+0 in /private/var/folders/hm/032r7g4n7w1bjzqrb88hrkwm0000gp/T/libasyncProfiler.so at 0x00000001051d8000
x26=0x000000016b2b96f0 is pointing into the stack for thread: 0x000000014fa2d200
x27=0x0000000000000060 is an unknown value
x28=0x000000011611b590 is at entry_point+16 in (nmethod*)0x000000011611b410


Registers:
 x0=0x000000080042c000  x1=0x00000000cafebabe  x2=0x0000000000000000  x3=0x0000000000000000
 x4=0x0000000000000000  x5=0x0000000000000000  x6=0x0000000084400000  x7=0x00000000000007e0
 x8=0x0000000115b594e0  x9=0x000000016b2b9eb0 x10=0x0000000000000000 x11=0x000000016b2b9f00
x12=0x00000000000050b7 x13=0x0000000000000000 x14=0x0000000000000020 x15=0x0000000800548688
x16=0x000000018b5a30fc x17=0x0000600003e4ccb0 x18=0x0000000000000000 x19=0x000000080042c000
x20=0x000000014fa2d200 x21=0x0000000000000001 x22=0x0000000106abc540 x23=0x0000000106abc798
x24=0x00000000cafebabe x25=0x00000001052345f8 x26=0x000000016b2b96f0 x27=0x0000000000000060
x28=0x000000011611b590  fp=0x000000016b2b8b10  lr=0x00000001066c2054  sp=0x000000016b2b8ae0
pc=0x0000000115b594e4 cpsr=0x0000000060001000
Top of Stack: (sp=0x000000016b2b8ae0)
0x000000016b2b8ae0:   000000014fb00b40 00000000000007ff
0x000000016b2b8af0:   0000000106abc540 000000080042c590
0x000000016b2b8b00:   000000080042c000 000000080042c5e8
0x000000016b2b8b10:   000000016b2b8b30 00000001066c2654
0x000000016b2b8b20:   000000016b2b9740 000000080042c590
0x000000016b2b8b30:   000000016b2b8b50 0000000106672ed0
0x000000016b2b8b40:   000000016b2b9740 000000014fa2d200
0x000000016b2b8b50:   000000016b2b8b80 000000010626b93c
0x000000016b2b8b60:   0000000106abc540 000000014fa2d200
0x000000016b2b8b70:   00000000000007ff 000000016b2b98d0
0x000000016b2b8b80:   000000016b2b97f0 0000000106268ab8
0x000000016b2b8b90:   0000000000000000 00006000013a4be0
0x000000016b2b8ba0:   000000016b2b8c50 000000016b2b8f80
0x000000016b2b8bb0:   000000011f3a3060 000000014da050e0
0x000000016b2b8bc0:   000000016b2b8f08 000000016b2b8d98
0x000000016b2b8bd0:   000000016b2b8ce0 0000000106162694
0x000000016b2b8be0:   0000000138260268 00000008005dbe58
0x000000016b2b8bf0:   000000014fa2d200 0000600000b4b600
0x000000016b2b8c00:   0000600002994870 0000600002994880
0x000000016b2b8c10:   0000000138260268 0000600002756da0
0x000000016b2b8c20:   0000000000000000 0000600002756da0
0x000000016b2b8c30:   000000014fa2d200 0000000000000072
0x000000016b2b8c40:   000000016b2b8d98 0000000000000000
0x000000016b2b8c50:   000000016b2b8ca0 00000001066630a4
0x000000016b2b8c60:   000000014da056f0 000000014da052a0
0x000000016b2b8c70:   000000016b2b8ca0 00000001063573f0
0x000000016b2b8c80:   e0dd386952ab0089 0000600002756da0
0x000000016b2b8c90:   000000014da0a1e8 000000014da05060
0x000000016b2b8ca0:   0000000138260268 0000600002756da0
0x000000016b2b8cb0:   000000014da05060 e0dd386952ab0089
0x000000016b2b8cc0:   000000016b2b8df0 0000000106ad3808
0x000000016b2b8cd0:   000000014da03c00 0000000000000019 

Instructions: (pc=0x0000000115b594e4)
0x0000000115b593e4:   1e614000 1400003a d2842809 f2a0d529
0x0000000115b593f4:   f2c00029 6d425935 1e640886 0c402d31
0x0000000115b59404:   1e6408c7 1f5654d0 1e6c1017 1f5050d0
0x0000000115b59414:   1f504cd0 1f5048d0 1e650af6 1f50d8f6
0x0000000115b59424:   1f5694d6 1f5158f6 1e762880 36000501
0x0000000115b59434:   1e614000 14000026 2e251ca5 d2843009
0x0000000115b59444:   f2a0d529 f2c00029 6d425d36 1e600806
0x0000000115b59454:   0c402d32 1f5758c7 1e6c101a 1f4754c7
0x0000000115b59464:   1e650805 1f4750c7 d2866668 f2a7fa68
0x0000000115b59474:   1f474cc7 1e6608c0 1f4748c7 1e6e1019
0x0000000115b59484:   eb08007f 540000ac 1f479400 1f460340
0x0000000115b59494:   1e603b20 1400000e d2a7fd29 eb09007f
0x0000000115b594a4:   540000ac 51480069 d3607d29 9e670121
0x0000000115b594b4:   14000002 1e6a5001 1f679417 1f668742
0x0000000115b594c4:   1e613b23 1e773857 1e773860 a8c17ff3
0x0000000115b594d4:   910003bf a8c17bfd d65f03c0 b9400001
0x0000000115b594e4:   aa0103e0 d65f03c0 f9400001 aa0103e0
0x0000000115b594f4:   d65f03c0 00000000 00000000 00000000
0x0000000115b59504:   00000000 00000000 00000000 00000000
0x0000000115b59514:   00000000 00000000 00000000 00000000
0x0000000115b59524:   00000000 00000000 00000000 00000000
0x0000000115b59534:   00000000 00000000 00000000 00000000
0x0000000115b59544:   00000000 00000000 00000000 00000000
0x0000000115b59554:   00000000 00000000 00000000 00000000
0x0000000115b59564:   00000000 00000000 00000000 00000000
0x0000000115b59574:   00000000 00000000 00000000 00000000
0x0000000115b59584:   00000000 00000000 00000000 00000000
0x0000000115b59594:   00000000 00000000 00000000 00000000
0x0000000115b595a4:   00000000 00000000 00000000 00000000
0x0000000115b595b4:   00000000 00000000 00000000 00000000
0x0000000115b595c4:   00000000 00000000 00000000 00000000
0x0000000115b595d4:   00000000 00000000 00000000 00000000 


Stack slot to memory mapping:
stack at sp + 0 slots: 0x000000014fb00b40 points into unknown readable memory: 0x000000080042b4b8 | b8 b4 42 00 08 00 00 00
stack at sp + 1 slots: 0x00000000000007ff is an unknown value
stack at sp + 2 slots: 0x0000000106abc540: _ZN12StubRoutines25_call_stub_return_addressE+0 in /Library/Java/JavaVirtualMachines/jdk-17.jdk/Contents/Home/lib/server/libjvm.dylib at 0x0000000105f14000
stack at sp + 3 slots: {method} {0x000000080042c590} 'regionMatches' '(ZILjava/lang/String;II)Z' in 'java/lang/String'
stack at sp + 4 slots: 0x000000080042c000 is pointing into metadata
stack at sp + 5 slots: {method} {0x000000080042c5e8} 'regionMatches' '(ILjava/lang/String;II)Z' in 'java/lang/String'
stack at sp + 6 slots: 0x000000016b2b8b30 is pointing into the stack for thread: 0x000000014fa2d200
stack at sp + 7 slots: 0x00000001066c2654: _ZN2os17is_readable_rangeEPKvS1_+0x2c in /Library/Java/JavaVirtualMachines/jdk-17.jdk/Contents/Home/lib/server/libjvm.dylib at 0x0000000105f14000

StubRoutines::SafeFetch32 [0x0000000115b594e0, 0x0000000115b594ec] (12 bytes)
[MachCode]
  0x0000000115b594e0: 0100 40b9 | e003 01aa | c003 5fd6 
[/MachCode]

---------------  P R O C E S S  ---------------

Threads class SMR info:
_java_thread_list=0x0000600001377980, length=15, elements={
0x000000014fa2d200, 0x000000014fafea00, 0x000000014fb01200, 0x000000012d0a6600,
0x000000012d0a5000, 0x000000012d0a5600, 0x000000012d0a7a00, 0x000000012d0a8000,
0x000000012d0a8600, 0x000000012d0a8c00, 0x000000012d0ae000, 0x000000014fdb7200,
0x000000014d0be200, 0x000000014e80c400, 0x000000014ea3e200
}

Java Threads: ( => current thread )
=>0x000000014fa2d200 JavaThread "main" [_thread_in_Java, id=10499, stack(0x000000016b0b8000,0x000000016b2bb000)]
  0x000000014fafea00 JavaThread "Reference Handler" daemon [_thread_blocked, id=18179, stack(0x000000016bf0c000,0x000000016c10f000)]
  0x000000014fb01200 JavaThread "Finalizer" daemon [_thread_blocked, id=16899, stack(0x000000016c118000,0x000000016c31b000)]
  0x000000012d0a6600 JavaThread "Signal Dispatcher" daemon [_thread_blocked, id=42755, stack(0x000000016c43c000,0x000000016c63f000)]
  0x000000012d0a5000 JavaThread "Service Thread" daemon [_thread_blocked, id=23299, stack(0x000000016c648000,0x000000016c84b000)]
  0x000000012d0a5600 JavaThread "Monitor Deflation Thread" daemon [_thread_blocked, id=23555, stack(0x000000016c854000,0x000000016ca57000)]
  0x000000012d0a7a00 JavaThread "C2 CompilerThread0" daemon [_thread_in_native, id=23811, stack(0x000000016ca60000,0x000000016cc63000)]
  0x000000012d0a8000 JavaThread "C1 CompilerThread0" daemon [_thread_blocked, id=24067, stack(0x000000016cc6c000,0x000000016ce6f000)]
  0x000000012d0a8600 JavaThread "Sweeper thread" daemon [_thread_blocked, id=41219, stack(0x000000016ce78000,0x000000016d07b000)]
  0x000000012d0a8c00 JavaThread "Common-Cleaner" daemon [_thread_blocked, id=40963, stack(0x000000016d084000,0x000000016d287000)]
  0x000000012d0ae000 JavaThread "Monitor Ctrl-Break" daemon [_thread_in_native, id=24579, stack(0x000000016d290000,0x000000016d493000)]
  0x000000014fdb7200 JavaThread "JFR Recorder Thread" daemon [_thread_blocked, id=40451, stack(0x000000016d49c000,0x000000016d69f000)]
  0x000000014d0be200 JavaThread "JFR Periodic Tasks" daemon [_thread_blocked, id=38659, stack(0x000000016e0e4000,0x000000016e2e7000)]
  0x000000014e80c400 JavaThread "Async-profiler Timer" daemon [_thread_in_native, id=26883, stack(0x000000016e37c000,0x000000016e57f000)]
  0x000000014ea3e200 JavaThread "Notification Thread" daemon [_thread_blocked, id=27139, stack(0x000000016e588000,0x000000016e78b000)]

Other Threads:
  0x000000014e2c9410 VMThread "VM Thread" [stack: 0x000000016bd00000,0x000000016bf03000] [id=18435]
  0x000000014e061050 WatcherThread [stack: 0x000000016e794000,0x000000016e997000] [id=37635]
  0x000000014e2c53e0 GCTaskThread "GC Thread#0" [stack: 0x000000016b2c4000,0x000000016b4c7000] [id=12803]
  0x000000014cf0ca00 GCTaskThread "GC Thread#1" [stack: 0x000000016d6a8000,0x000000016d8ab000] [id=39939]
  0x000000014cf0ccb0 GCTaskThread "GC Thread#2" [stack: 0x000000016d8b4000,0x000000016dab7000] [id=39427]
  0x000000014cf0d520 GCTaskThread "GC Thread#3" [stack: 0x000000016dac0000,0x000000016dcc3000] [id=25347]
  0x000000014cf0dd90 GCTaskThread "GC Thread#4" [stack: 0x000000016dccc000,0x000000016decf000] [id=25859]
  0x000000014cf0e600 GCTaskThread "GC Thread#5" [stack: 0x000000016ded8000,0x000000016e0db000] [id=39171]
  0x000000014e2c5a90 ConcurrentGCThread "G1 Main Marker" [stack: 0x000000016b4d0000,0x000000016b6d3000] [id=13059]
  0x000000014e2c6310 ConcurrentGCThread "G1 Conc#0" [stack: 0x000000016b6dc000,0x000000016b8df000] [id=19715]
  0x000000014e2c8180 ConcurrentGCThread "G1 Refine#0" [stack: 0x000000016b8e8000,0x000000016baeb000] [id=19203]
  0x000000014e2c8a20 ConcurrentGCThread "G1 Service" [stack: 0x000000016baf4000,0x000000016bcf7000] [id=14339]

Threads with active compile tasks:
C2 CompilerThread0     1674  950       4       jdk.internal.org.objectweb.asm.Frame::execute (2305 bytes)

VM state: not at safepoint (normal execution)

VM Mutex/Monitor currently owned by a thread: None

Heap address: 0x0000000700000000, size: 4096 MB, Compressed Oops mode: Zero based, Oop shift amount: 3

CDS archive(s) mapped at: [0x0000000800000000-0x0000000800bd8000-0x0000000800bd8000), size 12419072, SharedBaseAddress: 0x0000000800000000, ArchiveRelocationMode: 0.
Compressed class space mapped at: 0x0000000800c00000-0x0000000840c00000, reserved size: 1073741824
Narrow klass base: 0x0000000800000000, Narrow klass shift: 0, Narrow klass range: 0x100000000

GC Precious Log:
 CPUs: 8 total, 8 available
 Memory: 16384M
 Large Page Support: Disabled
 NUMA Support: Disabled
 Compressed Oops: Enabled (Zero based)
 Heap Region Size: 2M
 Heap Min Capacity: 8M
 Heap Initial Capacity: 256M
 Heap Max Capacity: 4G
 Pre-touch: Disabled
 Parallel Workers: 8
 Concurrent Workers: 2
 Concurrent Refinement Workers: 8
 Periodic GC: Disabled

Heap:
 garbage-first heap   total 266240K, used 15674K [0x0000000700000000, 0x0000000800000000)
  region size 2048K, 5 young (10240K), 2 survivors (4096K)
 Metaspace       used 4460K, committed 4608K, reserved 1056768K
  class space    used 435K, committed 512K, reserved 1048576K

Heap Regions: E=young(eden), S=young(survivor), O=old, HS=humongous(starts), HC=humongous(continues), CS=collection set, F=free, OA=open archive, CA=closed archive, TAMS=top-at-mark-start (previous, next)
|   0|0x0000000700000000, 0x0000000700200000, 0x0000000700200000|100%|HS|  |TAMS 0x0000000700000000, 0x0000000700000000| Complete 
|   1|0x0000000700200000, 0x0000000700400000, 0x0000000700400000|100%| O|  |TAMS 0x0000000700200000, 0x0000000700200000| Untracked 
|   2|0x0000000700400000, 0x0000000700556a00, 0x0000000700600000| 66%| O|  |TAMS 0x0000000700400000, 0x0000000700400000| Untracked 
|   3|0x0000000700600000, 0x0000000700600000, 0x0000000700800000|  0%| F|  |TAMS 0x0000000700600000, 0x0000000700600000| Untracked 
|   4|0x0000000700800000, 0x0000000700800000, 0x0000000700a00000|  0%| F|  |TAMS 0x0000000700800000, 0x0000000700800000| Untracked 
|   5|0x0000000700a00000, 0x0000000700a00000, 0x0000000700c00000|  0%| F|  |TAMS 0x0000000700a00000, 0x0000000700a00000| Untracked 
|   6|0x0000000700c00000, 0x0000000700c00000, 0x0000000700e00000|  0%| F|  |TAMS 0x0000000700c00000, 0x0000000700c00000| Untracked 
|   7|0x0000000700e00000, 0x0000000700e00000, 0x0000000701000000|  0%| F|  |TAMS 0x0000000700e00000, 0x0000000700e00000| Untracked 
|   8|0x0000000701000000, 0x0000000701000000, 0x0000000701200000|  0%| F|  |TAMS 0x0000000701000000, 0x0000000701000000| Untracked 
|   9|0x0000000701200000, 0x0000000701200000, 0x0000000701400000|  0%| F|  |TAMS 0x0000000701200000, 0x0000000701200000| Untracked 
|  10|0x0000000701400000, 0x0000000701400000, 0x0000000701600000|  0%| F|  |TAMS 0x0000000701400000, 0x0000000701400000| Untracked 
|  11|0x0000000701600000, 0x0000000701600000, 0x0000000701800000|  0%| F|  |TAMS 0x0000000701600000, 0x0000000701600000| Untracked 
|  12|0x0000000701800000, 0x0000000701800000, 0x0000000701a00000|  0%| F|  |TAMS 0x0000000701800000, 0x0000000701800000| Untracked 
|  13|0x0000000701a00000, 0x0000000701a00000, 0x0000000701c00000|  0%| F|  |TAMS 0x0000000701a00000, 0x0000000701a00000| Untracked 
|  14|0x0000000701c00000, 0x0000000701c00000, 0x0000000701e00000|  0%| F|  |TAMS 0x0000000701c00000, 0x0000000701c00000| Untracked 
|  15|0x0000000701e00000, 0x0000000701e00000, 0x0000000702000000|  0%| F|  |TAMS 0x0000000701e00000, 0x0000000701e00000| Untracked 
|  16|0x0000000702000000, 0x0000000702000000, 0x0000000702200000|  0%| F|  |TAMS 0x0000000702000000, 0x0000000702000000| Untracked 
|  17|0x0000000702200000, 0x0000000702200000, 0x0000000702400000|  0%| F|  |TAMS 0x0000000702200000, 0x0000000702200000| Untracked 
|  18|0x0000000702400000, 0x0000000702400000, 0x0000000702600000|  0%| F|  |TAMS 0x0000000702400000, 0x0000000702400000| Untracked 
|  19|0x0000000702600000, 0x0000000702600000, 0x0000000702800000|  0%| F|  |TAMS 0x0000000702600000, 0x0000000702600000| Untracked 
|  20|0x0000000702800000, 0x0000000702800000, 0x0000000702a00000|  0%| F|  |TAMS 0x0000000702800000, 0x0000000702800000| Untracked 
|  21|0x0000000702a00000, 0x0000000702a00000, 0x0000000702c00000|  0%| F|  |TAMS 0x0000000702a00000, 0x0000000702a00000| Untracked 
|  22|0x0000000702c00000, 0x0000000702c00000, 0x0000000702e00000|  0%| F|  |TAMS 0x0000000702c00000, 0x0000000702c00000| Untracked 
|  23|0x0000000702e00000, 0x0000000702e00000, 0x0000000703000000|  0%| F|  |TAMS 0x0000000702e00000, 0x0000000702e00000| Untracked 
|  24|0x0000000703000000, 0x0000000703000000, 0x0000000703200000|  0%| F|  |TAMS 0x0000000703000000, 0x0000000703000000| Untracked 
|  25|0x0000000703200000, 0x0000000703200000, 0x0000000703400000|  0%| F|  |TAMS 0x0000000703200000, 0x0000000703200000| Untracked 
|  26|0x0000000703400000, 0x0000000703400000, 0x0000000703600000|  0%| F|  |TAMS 0x0000000703400000, 0x0000000703400000| Untracked 
|  27|0x0000000703600000, 0x0000000703600000, 0x0000000703800000|  0%| F|  |TAMS 0x0000000703600000, 0x0000000703600000| Untracked 
|  28|0x0000000703800000, 0x0000000703800000, 0x0000000703a00000|  0%| F|  |TAMS 0x0000000703800000, 0x0000000703800000| Untracked 
|  29|0x0000000703a00000, 0x0000000703a00000, 0x0000000703c00000|  0%| F|  |TAMS 0x0000000703a00000, 0x0000000703a00000| Untracked 
|  30|0x0000000703c00000, 0x0000000703c00000, 0x0000000703e00000|  0%| F|  |TAMS 0x0000000703c00000, 0x0000000703c00000| Untracked 
|  31|0x0000000703e00000, 0x0000000703e00000, 0x0000000704000000|  0%| F|  |TAMS 0x0000000703e00000, 0x0000000703e00000| Untracked 
|  32|0x0000000704000000, 0x0000000704000000, 0x0000000704200000|  0%| F|  |TAMS 0x0000000704000000, 0x0000000704000000| Untracked 
|  33|0x0000000704200000, 0x0000000704200000, 0x0000000704400000|  0%| F|  |TAMS 0x0000000704200000, 0x0000000704200000| Untracked 
|  34|0x0000000704400000, 0x0000000704400000, 0x0000000704600000|  0%| F|  |TAMS 0x0000000704400000, 0x0000000704400000| Untracked 
|  35|0x0000000704600000, 0x0000000704600000, 0x0000000704800000|  0%| F|  |TAMS 0x0000000704600000, 0x0000000704600000| Untracked 
|  36|0x0000000704800000, 0x0000000704800000, 0x0000000704a00000|  0%| F|  |TAMS 0x0000000704800000, 0x0000000704800000| Untracked 
|  37|0x0000000704a00000, 0x0000000704a00000, 0x0000000704c00000|  0%| F|  |TAMS 0x0000000704a00000, 0x0000000704a00000| Untracked 
|  38|0x0000000704c00000, 0x0000000704c00000, 0x0000000704e00000|  0%| F|  |TAMS 0x0000000704c00000, 0x0000000704c00000| Untracked 
|  39|0x0000000704e00000, 0x0000000704e00000, 0x0000000705000000|  0%| F|  |TAMS 0x0000000704e00000, 0x0000000704e00000| Untracked 
|  40|0x0000000705000000, 0x0000000705000000, 0x0000000705200000|  0%| F|  |TAMS 0x0000000705000000, 0x0000000705000000| Untracked 
|  41|0x0000000705200000, 0x0000000705200000, 0x0000000705400000|  0%| F|  |TAMS 0x0000000705200000, 0x0000000705200000| Untracked 
|  42|0x0000000705400000, 0x0000000705400000, 0x0000000705600000|  0%| F|  |TAMS 0x0000000705400000, 0x0000000705400000| Untracked 
|  43|0x0000000705600000, 0x0000000705600000, 0x0000000705800000|  0%| F|  |TAMS 0x0000000705600000, 0x0000000705600000| Untracked 
|  44|0x0000000705800000, 0x0000000705800000, 0x0000000705a00000|  0%| F|  |TAMS 0x0000000705800000, 0x0000000705800000| Untracked 
|  45|0x0000000705a00000, 0x0000000705a00000, 0x0000000705c00000|  0%| F|  |TAMS 0x0000000705a00000, 0x0000000705a00000| Untracked 
|  46|0x0000000705c00000, 0x0000000705c00000, 0x0000000705e00000|  0%| F|  |TAMS 0x0000000705c00000, 0x0000000705c00000| Untracked 
|  47|0x0000000705e00000, 0x0000000705e00000, 0x0000000706000000|  0%| F|  |TAMS 0x0000000705e00000, 0x0000000705e00000| Untracked 
|  48|0x0000000706000000, 0x0000000706000000, 0x0000000706200000|  0%| F|  |TAMS 0x0000000706000000, 0x0000000706000000| Untracked 
|  49|0x0000000706200000, 0x0000000706200000, 0x0000000706400000|  0%| F|  |TAMS 0x0000000706200000, 0x0000000706200000| Untracked 
|  50|0x0000000706400000, 0x0000000706400000, 0x0000000706600000|  0%| F|  |TAMS 0x0000000706400000, 0x0000000706400000| Untracked 
|  51|0x0000000706600000, 0x0000000706600000, 0x0000000706800000|  0%| F|  |TAMS 0x0000000706600000, 0x0000000706600000| Untracked 
|  52|0x0000000706800000, 0x0000000706800000, 0x0000000706a00000|  0%| F|  |TAMS 0x0000000706800000, 0x0000000706800000| Untracked 
|  53|0x0000000706a00000, 0x0000000706a00000, 0x0000000706c00000|  0%| F|  |TAMS 0x0000000706a00000, 0x0000000706a00000| Untracked 
|  54|0x0000000706c00000, 0x0000000706c00000, 0x0000000706e00000|  0%| F|  |TAMS 0x0000000706c00000, 0x0000000706c00000| Untracked 
|  55|0x0000000706e00000, 0x0000000706e00000, 0x0000000707000000|  0%| F|  |TAMS 0x0000000706e00000, 0x0000000706e00000| Untracked 
|  56|0x0000000707000000, 0x0000000707000000, 0x0000000707200000|  0%| F|  |TAMS 0x0000000707000000, 0x0000000707000000| Untracked 
|  57|0x0000000707200000, 0x0000000707200000, 0x0000000707400000|  0%| F|  |TAMS 0x0000000707200000, 0x0000000707200000| Untracked 
|  58|0x0000000707400000, 0x0000000707400000, 0x0000000707600000|  0%| F|  |TAMS 0x0000000707400000, 0x0000000707400000| Untracked 
|  59|0x0000000707600000, 0x0000000707600000, 0x0000000707800000|  0%| F|  |TAMS 0x0000000707600000, 0x0000000707600000| Untracked 
|  60|0x0000000707800000, 0x0000000707800000, 0x0000000707a00000|  0%| F|  |TAMS 0x0000000707800000, 0x0000000707800000| Untracked 
|  61|0x0000000707a00000, 0x0000000707a00000, 0x0000000707c00000|  0%| F|  |TAMS 0x0000000707a00000, 0x0000000707a00000| Untracked 
|  62|0x0000000707c00000, 0x0000000707c00000, 0x0000000707e00000|  0%| F|  |TAMS 0x0000000707c00000, 0x0000000707c00000| Untracked 
|  63|0x0000000707e00000, 0x0000000707e00000, 0x0000000708000000|  0%| F|  |TAMS 0x0000000707e00000, 0x0000000707e00000| Untracked 
|  64|0x0000000708000000, 0x0000000708000000, 0x0000000708200000|  0%| F|  |TAMS 0x0000000708000000, 0x0000000708000000| Untracked 
|  65|0x0000000708200000, 0x0000000708200000, 0x0000000708400000|  0%| F|  |TAMS 0x0000000708200000, 0x0000000708200000| Untracked 
|  66|0x0000000708400000, 0x0000000708400000, 0x0000000708600000|  0%| F|  |TAMS 0x0000000708400000, 0x0000000708400000| Untracked 
|  67|0x0000000708600000, 0x0000000708600000, 0x0000000708800000|  0%| F|  |TAMS 0x0000000708600000, 0x0000000708600000| Untracked 
|  68|0x0000000708800000, 0x0000000708800000, 0x0000000708a00000|  0%| F|  |TAMS 0x0000000708800000, 0x0000000708800000| Untracked 
|  69|0x0000000708a00000, 0x0000000708a00000, 0x0000000708c00000|  0%| F|  |TAMS 0x0000000708a00000, 0x0000000708a00000| Untracked 
|  70|0x0000000708c00000, 0x0000000708c00000, 0x0000000708e00000|  0%| F|  |TAMS 0x0000000708c00000, 0x0000000708c00000| Untracked 
|  71|0x0000000708e00000, 0x0000000708e00000, 0x0000000709000000|  0%| F|  |TAMS 0x0000000708e00000, 0x0000000708e00000| Untracked 
|  72|0x0000000709000000, 0x0000000709000000, 0x0000000709200000|  0%| F|  |TAMS 0x0000000709000000, 0x0000000709000000| Untracked 
|  73|0x0000000709200000, 0x0000000709200000, 0x0000000709400000|  0%| F|  |TAMS 0x0000000709200000, 0x0000000709200000| Untracked 
|  74|0x0000000709400000, 0x0000000709400000, 0x0000000709600000|  0%| F|  |TAMS 0x0000000709400000, 0x0000000709400000| Untracked 
|  75|0x0000000709600000, 0x0000000709600000, 0x0000000709800000|  0%| F|  |TAMS 0x0000000709600000, 0x0000000709600000| Untracked 
|  76|0x0000000709800000, 0x0000000709800000, 0x0000000709a00000|  0%| F|  |TAMS 0x0000000709800000, 0x0000000709800000| Untracked 
|  77|0x0000000709a00000, 0x0000000709a00000, 0x0000000709c00000|  0%| F|  |TAMS 0x0000000709a00000, 0x0000000709a00000| Untracked 
|  78|0x0000000709c00000, 0x0000000709c00000, 0x0000000709e00000|  0%| F|  |TAMS 0x0000000709c00000, 0x0000000709c00000| Untracked 
|  79|0x0000000709e00000, 0x0000000709e00000, 0x000000070a000000|  0%| F|  |TAMS 0x0000000709e00000, 0x0000000709e00000| Untracked 
|  80|0x000000070a000000, 0x000000070a000000, 0x000000070a200000|  0%| F|  |TAMS 0x000000070a000000, 0x000000070a000000| Untracked 
|  81|0x000000070a200000, 0x000000070a200000, 0x000000070a400000|  0%| F|  |TAMS 0x000000070a200000, 0x000000070a200000| Untracked 
|  82|0x000000070a400000, 0x000000070a400000, 0x000000070a600000|  0%| F|  |TAMS 0x000000070a400000, 0x000000070a400000| Untracked 
|  83|0x000000070a600000, 0x000000070a600000, 0x000000070a800000|  0%| F|  |TAMS 0x000000070a600000, 0x000000070a600000| Untracked 
|  84|0x000000070a800000, 0x000000070a800000, 0x000000070aa00000|  0%| F|  |TAMS 0x000000070a800000, 0x000000070a800000| Untracked 
|  85|0x000000070aa00000, 0x000000070aa00000, 0x000000070ac00000|  0%| F|  |TAMS 0x000000070aa00000, 0x000000070aa00000| Untracked 
|  86|0x000000070ac00000, 0x000000070ac00000, 0x000000070ae00000|  0%| F|  |TAMS 0x000000070ac00000, 0x000000070ac00000| Untracked 
|  87|0x000000070ae00000, 0x000000070ae00000, 0x000000070b000000|  0%| F|  |TAMS 0x000000070ae00000, 0x000000070ae00000| Untracked 
|  88|0x000000070b000000, 0x000000070b000000, 0x000000070b200000|  0%| F|  |TAMS 0x000000070b000000, 0x000000070b000000| Untracked 
|  89|0x000000070b200000, 0x000000070b200000, 0x000000070b400000|  0%| F|  |TAMS 0x000000070b200000, 0x000000070b200000| Untracked 
|  90|0x000000070b400000, 0x000000070b400000, 0x000000070b600000|  0%| F|  |TAMS 0x000000070b400000, 0x000000070b400000| Untracked 
|  91|0x000000070b600000, 0x000000070b600000, 0x000000070b800000|  0%| F|  |TAMS 0x000000070b600000, 0x000000070b600000| Untracked 
|  92|0x000000070b800000, 0x000000070b800000, 0x000000070ba00000|  0%| F|  |TAMS 0x000000070b800000, 0x000000070b800000| Untracked 
|  93|0x000000070ba00000, 0x000000070ba00000, 0x000000070bc00000|  0%| F|  |TAMS 0x000000070ba00000, 0x000000070ba00000| Untracked 
|  94|0x000000070bc00000, 0x000000070bc00000, 0x000000070be00000|  0%| F|  |TAMS 0x000000070bc00000, 0x000000070bc00000| Untracked 
|  95|0x000000070be00000, 0x000000070be00000, 0x000000070c000000|  0%| F|  |TAMS 0x000000070be00000, 0x000000070be00000| Untracked 
|  96|0x000000070c000000, 0x000000070c000000, 0x000000070c200000|  0%| F|  |TAMS 0x000000070c000000, 0x000000070c000000| Untracked 
|  97|0x000000070c200000, 0x000000070c200000, 0x000000070c400000|  0%| F|  |TAMS 0x000000070c200000, 0x000000070c200000| Untracked 
|  98|0x000000070c400000, 0x000000070c400000, 0x000000070c600000|  0%| F|  |TAMS 0x000000070c400000, 0x000000070c400000| Untracked 
|  99|0x000000070c600000, 0x000000070c600000, 0x000000070c800000|  0%| F|  |TAMS 0x000000070c600000, 0x000000070c600000| Untracked 
| 100|0x000000070c800000, 0x000000070c800000, 0x000000070ca00000|  0%| F|  |TAMS 0x000000070c800000, 0x000000070c800000| Untracked 
| 101|0x000000070ca00000, 0x000000070ca00000, 0x000000070cc00000|  0%| F|  |TAMS 0x000000070ca00000, 0x000000070ca00000| Untracked 
| 102|0x000000070cc00000, 0x000000070cc00000, 0x000000070ce00000|  0%| F|  |TAMS 0x000000070cc00000, 0x000000070cc00000| Untracked 
| 103|0x000000070ce00000, 0x000000070ce00000, 0x000000070d000000|  0%| F|  |TAMS 0x000000070ce00000, 0x000000070ce00000| Untracked 
| 104|0x000000070d000000, 0x000000070d000000, 0x000000070d200000|  0%| F|  |TAMS 0x000000070d000000, 0x000000070d000000| Untracked 
| 105|0x000000070d200000, 0x000000070d200000, 0x000000070d400000|  0%| F|  |TAMS 0x000000070d200000, 0x000000070d200000| Untracked 
| 106|0x000000070d400000, 0x000000070d400000, 0x000000070d600000|  0%| F|  |TAMS 0x000000070d400000, 0x000000070d400000| Untracked 
| 107|0x000000070d600000, 0x000000070d600000, 0x000000070d800000|  0%| F|  |TAMS 0x000000070d600000, 0x000000070d600000| Untracked 
| 108|0x000000070d800000, 0x000000070d800000, 0x000000070da00000|  0%| F|  |TAMS 0x000000070d800000, 0x000000070d800000| Untracked 
| 109|0x000000070da00000, 0x000000070da00000, 0x000000070dc00000|  0%| F|  |TAMS 0x000000070da00000, 0x000000070da00000| Untracked 
| 110|0x000000070dc00000, 0x000000070dc00000, 0x000000070de00000|  0%| F|  |TAMS 0x000000070dc00000, 0x000000070dc00000| Untracked 
| 111|0x000000070de00000, 0x000000070de00000, 0x000000070e000000|  0%| F|  |TAMS 0x000000070de00000, 0x000000070de00000| Untracked 
| 112|0x000000070e000000, 0x000000070e000000, 0x000000070e200000|  0%| F|  |TAMS 0x000000070e000000, 0x000000070e000000| Untracked 
| 113|0x000000070e200000, 0x000000070e200000, 0x000000070e400000|  0%| F|  |TAMS 0x000000070e200000, 0x000000070e200000| Untracked 
| 114|0x000000070e400000, 0x000000070e400000, 0x000000070e600000|  0%| F|  |TAMS 0x000000070e400000, 0x000000070e400000| Untracked 
| 115|0x000000070e600000, 0x000000070e800000, 0x000000070e800000|100%| S|CS|TAMS 0x000000070e600000, 0x000000070e600000| Complete 
| 116|0x000000070e800000, 0x000000070ea00000, 0x000000070ea00000|100%| S|CS|TAMS 0x000000070e800000, 0x000000070e800000| Complete 
| 117|0x000000070ea00000, 0x000000070ea00000, 0x000000070ec00000|  0%| F|  |TAMS 0x000000070ea00000, 0x000000070ea00000| Untracked 
| 118|0x000000070ec00000, 0x000000070ec00000, 0x000000070ee00000|  0%| F|  |TAMS 0x000000070ec00000, 0x000000070ec00000| Untracked 
| 119|0x000000070ee00000, 0x000000070ee00000, 0x000000070f000000|  0%| F|  |TAMS 0x000000070ee00000, 0x000000070ee00000| Untracked 
| 120|0x000000070f000000, 0x000000070f000000, 0x000000070f200000|  0%| F|  |TAMS 0x000000070f000000, 0x000000070f000000| Untracked 
| 121|0x000000070f200000, 0x000000070f200000, 0x000000070f400000|  0%| F|  |TAMS 0x000000070f200000, 0x000000070f200000| Untracked 
| 122|0x000000070f400000, 0x000000070f400000, 0x000000070f600000|  0%| F|  |TAMS 0x000000070f400000, 0x000000070f400000| Untracked 
| 123|0x000000070f600000, 0x000000070f600000, 0x000000070f800000|  0%| F|  |TAMS 0x000000070f600000, 0x000000070f600000| Untracked 
| 124|0x000000070f800000, 0x000000070f800000, 0x000000070fa00000|  0%| F|  |TAMS 0x000000070f800000, 0x000000070f800000| Untracked 
| 125|0x000000070fa00000, 0x000000070fb8c6b0, 0x000000070fc00000| 77%| E|  |TAMS 0x000000070fa00000, 0x000000070fa00000| Complete 
| 126|0x000000070fc00000, 0x000000070fe00000, 0x000000070fe00000|100%| E|CS|TAMS 0x000000070fc00000, 0x000000070fc00000| Complete 
| 127|0x000000070fe00000, 0x0000000710000000, 0x0000000710000000|100%| E|CS|TAMS 0x000000070fe00000, 0x000000070fe00000| Complete 
|2046|0x00000007ffc00000, 0x00000007ffd78000, 0x00000007ffe00000| 73%|OA|  |TAMS 0x00000007ffc00000, 0x00000007ffc00000| Untracked 
|2047|0x00000007ffe00000, 0x00000007ffe80000, 0x0000000800000000| 25%|CA|  |TAMS 0x00000007ffe00000, 0x00000007ffe00000| Untracked 

Card table byte_map: [0x000000011de24000,0x000000011e624000] _byte_map_base: 0x000000011a624000

Marking Bits (Prev, Next): (CMBitMap*) 0x000000014fa4e410, (CMBitMap*) 0x000000014fa4e450
 Prev Bits: [0x0000000128000000, 0x000000012c000000)
 Next Bits: [0x0000000148000000, 0x000000014c000000)

Polling page: 0x0000000105010000

Metaspace:

Usage:
  Non-class:      3.93 MB used.
      Class:    435.14 KB used.
       Both:      4.36 MB used.

Virtual space:
  Non-class space:        8.00 MB reserved,       4.00 MB ( 50%) committed,  1 nodes.
      Class space:        1.00 GB reserved,     512.00 KB ( <1%) committed,  1 nodes.
             Both:        1.01 GB reserved,       4.50 MB ( <1%) committed. 

Chunk freelists:
   Non-Class:  3.72 MB
       Class:  3.50 MB
        Both:  7.22 MB

MaxMetaspaceSize: unlimited
CompressedClassSpaceSize: 1.00 GB
Initial GC threshold: 21.00 MB
Current GC threshold: 21.00 MB
CDS: on
MetaspaceReclaimPolicy: balanced
 - commit_granule_bytes: 65536.
 - commit_granule_words: 8192.
 - virtual_space_node_default_size: 1048576.
 - enlarge_chunks_in_place: 1.
 - new_chunks_are_fully_committed: 0.
 - uncommit_free_chunks: 1.
 - use_allocation_guard: 0.
 - handle_deallocations: 1.


Internal statistics:

num_allocs_failed_limit: 0.
num_arena_births: 68.
num_arena_deaths: 0.
num_vsnodes_births: 2.
num_vsnodes_deaths: 0.
num_space_committed: 72.
num_space_uncommitted: 0.
num_chunks_returned_to_freelist: 0.
num_chunks_taken_from_freelist: 107.
num_chunk_merges: 0.
num_chunk_splits: 52.
num_chunks_enlarged: 21.
num_purges: 0.
num_inconsistent_stats: 0.

CodeHeap 'non-profiled nmethods': size=120032Kb used=428Kb max_used=428Kb free=119604Kb
 bounds [0x00000001160ec000, 0x000000011635c000, 0x000000011d624000]
CodeHeap 'profiled nmethods': size=120016Kb used=2835Kb max_used=2835Kb free=117180Kb
 bounds [0x000000010e624000, 0x000000010e8f4000, 0x0000000115b58000]
CodeHeap 'non-nmethods': size=5712Kb used=1144Kb max_used=1177Kb free=4568Kb
 bounds [0x0000000115b58000, 0x0000000115dc8000, 0x00000001160ec000]
 total_blobs=1715 nmethods=1274 adapters=357
 compilation: enabled
              stopped_count=0, restarted_count=0
 full_count=0

Compilation events (20 events):
Event: 1.643 Thread 0x000000012d0a8000 nmethod 1274 0x000000010e8d6890 code [0x000000010e8d6b80, 0x000000010e8d74d8]
Event: 1.643 Thread 0x000000012d0a8000 1275       1       java.security.ProtectionDomain::getCodeSource (5 bytes)
Event: 1.643 Thread 0x000000012d0a8000 nmethod 1275 0x0000000116155710 code [0x0000000116155880, 0x0000000116155918]
Event: 1.643 Thread 0x000000012d0a8000 1276       3       java.util.jar.JarFile::getEntry (35 bytes)
Event: 1.643 Thread 0x000000012d0a8000 nmethod 1276 0x000000010e8d7d10 code [0x000000010e8d7f40, 0x000000010e8d8458]
Event: 1.643 Thread 0x000000012d0a8000 1277  s!   3       jdk.internal.loader.URLClassPath::getLoader (194 bytes)
Event: 1.644 Thread 0x000000012d0a8000 nmethod 1277 0x000000010e8d8790 code [0x000000010e8d8b40, 0x000000010e8d9fc8]
Event: 1.644 Thread 0x000000012d0a8000 1278   !   3       jdk.internal.loader.URLClassPath$JarLoader::getResource (65 bytes)
Event: 1.644 Thread 0x000000012d0a8000 nmethod 1278 0x000000010e8dae90 code [0x000000010e8db140, 0x000000010e8dba48]
Event: 1.645 Thread 0x000000012d0a8000 1282       3       java.lang.invoke.MemberName$Factory::resolveOrFail (79 bytes)
Event: 1.645 Thread 0x000000012d0a8000 nmethod 1282 0x000000010e8dc090 code [0x000000010e8dc300, 0x000000010e8dcad8]
Event: 1.646 Thread 0x000000012d0a8000 1283 %     3       java.util.Properties$LineReader::readLine @ 224 (584 bytes)
Event: 1.647 Thread 0x000000012d0a8000 nmethod 1283% 0x000000010e8dd090 code [0x000000010e8dd5c0, 0x000000010e8dfe18]
Event: 1.647 Thread 0x000000012d0a8000 1284       3       java.util.Properties::loadConvert (540 bytes)
Event: 1.648 Thread 0x000000012d0a8000 nmethod 1284 0x000000010e8e1a10 code [0x000000010e8e1dc0, 0x000000010e8e3178]
Event: 1.648 Thread 0x000000012d0a8000 1285       3       java.lang.invoke.MethodHandleNatives::refKindIsField (32 bytes)
Event: 1.648 Thread 0x000000012d0a8000 nmethod 1285 0x000000010e8e3f10 code [0x000000010e8e40c0, 0x000000010e8e4218]
Event: 1.648 Thread 0x000000012d0a8000 1286       1       jdk.internal.jimage.ImageHeader::getTableLength (5 bytes)
Event: 1.648 Thread 0x000000012d0a8000 nmethod 1286 0x0000000116156310 code [0x0000000116156480, 0x0000000116156518]
Event: 1.670 Thread 0x000000012d0a8000 1295       2       jdk.internal.jimage.ImageLocation::readValue (61 bytes)

GC Heap History (2 events):
Event: 1.592 GC heap before
{Heap before GC invocations=0 (full 0):
 garbage-first heap   total 266240K, used 26592K [0x0000000700000000, 0x0000000800000000)
  region size 2048K, 11 young (22528K), 0 survivors (0K)
 Metaspace       used 3626K, committed 3776K, reserved 1056768K
  class space    used 362K, committed 448K, reserved 1048576K
}
Event: 1.595 GC heap after
{Heap after GC invocations=1 (full 0):
 garbage-first heap   total 266240K, used 11578K [0x0000000700000000, 0x0000000800000000)
  region size 2048K, 2 young (4096K), 2 survivors (4096K)
 Metaspace       used 3626K, committed 3776K, reserved 1056768K
  class space    used 362K, committed 448K, reserved 1048576K
}

Deoptimization events (20 events):
Event: 1.628 Thread 0x000000014fa2d200 DEOPT PACKING pc=0x0000000116131320 sp=0x000000016b2ba960
Event: 1.628 Thread 0x000000014fa2d200 DEOPT UNPACKING pc=0x0000000115b96d1c sp=0x000000016b2ba8d0 mode 2
Event: 1.630 Thread 0x000000014fa2d200 DEOPT PACKING pc=0x000000010e6d9dcc sp=0x000000016b2b63d0
Event: 1.630 Thread 0x000000014fa2d200 DEOPT UNPACKING pc=0x0000000115b96b7c sp=0x000000016b2b6070 mode 0
Event: 1.645 Thread 0x000000014fa2d200 Uncommon trap: trap_request=0xffffff66 fr.pc=0x000000011613c7a8 relative=0x0000000000000068
Event: 1.645 Thread 0x000000014fa2d200 Uncommon trap: reason=speculate_class_check action=maybe_recompile pc=0x000000011613c7a8 method=java.lang.invoke.Invokers$Holder.linkToTargetMethod(Ljava/lang/Object;Ljava/lang/Object;)Ljava/lang/Object; @ 1 c2
Event: 1.645 Thread 0x000000014fa2d200 DEOPT PACKING pc=0x000000011613c7a8 sp=0x000000016b2b92d0
Event: 1.645 Thread 0x000000014fa2d200 DEOPT UNPACKING pc=0x0000000115b96d1c sp=0x000000016b2b9260 mode 2
Event: 1.645 Thread 0x000000014fa2d200 Uncommon trap: trap_request=0xffffff66 fr.pc=0x000000011613c7a8 relative=0x0000000000000068
Event: 1.645 Thread 0x000000014fa2d200 Uncommon trap: reason=speculate_class_check action=maybe_recompile pc=0x000000011613c7a8 method=java.lang.invoke.Invokers$Holder.linkToTargetMethod(Ljava/lang/Object;Ljava/lang/Object;)Ljava/lang/Object; @ 1 c2
Event: 1.645 Thread 0x000000014fa2d200 DEOPT PACKING pc=0x000000011613c7a8 sp=0x000000016b2b92d0
Event: 1.645 Thread 0x000000014fa2d200 DEOPT UNPACKING pc=0x0000000115b96d1c sp=0x000000016b2b9260 mode 2
Event: 1.646 Thread 0x000000014fa2d200 Uncommon trap: trap_request=0xffffff66 fr.pc=0x000000011613c7a8 relative=0x0000000000000068
Event: 1.646 Thread 0x000000014fa2d200 Uncommon trap: reason=speculate_class_check action=maybe_recompile pc=0x000000011613c7a8 method=java.lang.invoke.Invokers$Holder.linkToTargetMethod(Ljava/lang/Object;Ljava/lang/Object;)Ljava/lang/Object; @ 1 c2
Event: 1.646 Thread 0x000000014fa2d200 DEOPT PACKING pc=0x000000011613c7a8 sp=0x000000016b2b9090
Event: 1.646 Thread 0x000000014fa2d200 DEOPT UNPACKING pc=0x0000000115b96d1c sp=0x000000016b2b9020 mode 2
Event: 1.646 Thread 0x000000014fa2d200 Uncommon trap: trap_request=0xffffff66 fr.pc=0x000000011613c7a8 relative=0x0000000000000068
Event: 1.646 Thread 0x000000014fa2d200 Uncommon trap: reason=speculate_class_check action=maybe_recompile pc=0x000000011613c7a8 method=java.lang.invoke.Invokers$Holder.linkToTargetMethod(Ljava/lang/Object;Ljava/lang/Object;)Ljava/lang/Object; @ 1 c2
Event: 1.646 Thread 0x000000014fa2d200 DEOPT PACKING pc=0x000000011613c7a8 sp=0x000000016b2b92d0
Event: 1.646 Thread 0x000000014fa2d200 DEOPT UNPACKING pc=0x0000000115b96d1c sp=0x000000016b2b9260 mode 2

Classes unloaded (0 events):
No events

Classes redefined (20 events):
Event: 1.589 Thread 0x000000014e2c9410 redefined class name=sun.nio.ch.SocketChannelImpl, count=1
Event: 1.589 Thread 0x000000014e2c9410 redefined class name=java.lang.Throwable, count=1
Event: 1.589 Thread 0x000000014e2c9410 redefined class name=java.lang.Error, count=2
Event: 1.622 Thread 0x000000014e2c9410 redefined class name=jdk.internal.event.ProcessStartEvent, count=1
Event: 1.622 Thread 0x000000014e2c9410 redefined class name=jdk.jfr.events.ContainerIOUsageEvent, count=1
Event: 1.622 Thread 0x000000014e2c9410 redefined class name=jdk.jfr.events.ContainerMemoryUsageEvent, count=1
Event: 1.622 Thread 0x000000014e2c9410 redefined class name=jdk.jfr.events.ContainerCPUThrottlingEvent, count=1
Event: 1.622 Thread 0x000000014e2c9410 redefined class name=jdk.jfr.events.ContainerCPUUsageEvent, count=1
Event: 1.622 Thread 0x000000014e2c9410 redefined class name=jdk.jfr.events.ContainerConfigurationEvent, count=1
Event: 1.622 Thread 0x000000014e2c9410 redefined class name=jdk.jfr.events.InitialSecurityPropertyEvent, count=1
Event: 1.622 Thread 0x000000014e2c9410 redefined class name=jdk.jfr.events.DirectBufferStatisticsEvent, count=1
Event: 1.622 Thread 0x000000014e2c9410 redefined class name=jdk.jfr.events.ActiveRecordingEvent, count=1
Event: 1.622 Thread 0x000000014e2c9410 redefined class name=jdk.jfr.events.ActiveSettingEvent, count=1
Event: 1.622 Thread 0x000000014e2c9410 redefined class name=jdk.jfr.events.ErrorThrownEvent, count=1
Event: 1.622 Thread 0x000000014e2c9410 redefined class name=jdk.jfr.events.ExceptionStatisticsEvent, count=1
Event: 1.622 Thread 0x000000014e2c9410 redefined class name=jdk.jfr.events.SocketWriteEvent, count=1
Event: 1.622 Thread 0x000000014e2c9410 redefined class name=jdk.jfr.events.SocketReadEvent, count=1
Event: 1.622 Thread 0x000000014e2c9410 redefined class name=jdk.jfr.events.FileWriteEvent, count=1
Event: 1.622 Thread 0x000000014e2c9410 redefined class name=jdk.jfr.events.FileReadEvent, count=1
Event: 1.622 Thread 0x000000014e2c9410 redefined class name=jdk.jfr.events.FileForceEvent, count=1

Internal exceptions (20 events):
Event: 1.531 Thread 0x000000014fa2d200 Exception <a 'java/lang/ClassNotFoundException'{0x000000070f0e79d0}: jdk/jfr/internal/handlers/EventHandler1462_1691533741452-45625> (0x000000070f0e79d0) 
thrown [open/src/hotspot/share/classfile/systemDictionary.cpp, line 256]
Event: 1.532 Thread 0x000000014fa2d200 Exception <a 'java/lang/ClassNotFoundException'{0x000000070f10a260}: jdk/jfr/internal/handlers/EventHandler1464_1691533741452-45625> (0x000000070f10a260) 
thrown [open/src/hotspot/share/classfile/systemDictionary.cpp, line 256]
Event: 1.533 Thread 0x000000014fa2d200 Exception <a 'java/lang/ClassNotFoundException'{0x000000070f11c738}: jdk/jfr/internal/handlers/EventHandler1466_1691533741452-45625> (0x000000070f11c738) 
thrown [open/src/hotspot/share/classfile/systemDictionary.cpp, line 256]
Event: 1.534 Thread 0x000000014fa2d200 Exception <a 'java/lang/ClassNotFoundException'{0x000000070f12c410}: jdk/jfr/internal/handlers/EventHandler1468_1691533741452-45625> (0x000000070f12c410) 
thrown [open/src/hotspot/share/classfile/systemDictionary.cpp, line 256]
Event: 1.534 Thread 0x000000014fa2d200 Exception <a 'java/lang/ClassNotFoundException'{0x000000070f138f80}: jdk/jfr/internal/handlers/EventHandler1470_1691533741452-45625> (0x000000070f138f80) 
thrown [open/src/hotspot/share/classfile/systemDictionary.cpp, line 256]
Event: 1.536 Thread 0x000000014fa2d200 Exception <a 'java/lang/ClassNotFoundException'{0x000000070f160230}: jdk/jfr/internal/handlers/EventHandler1472_1691533741452-45625> (0x000000070f160230) 
thrown [open/src/hotspot/share/classfile/systemDictionary.cpp, line 256]
Event: 1.536 Thread 0x000000014fa2d200 Exception <a 'java/lang/ClassNotFoundException'{0x000000070f174220}: jdk/jfr/internal/handlers/EventHandler1474_1691533741452-45625> (0x000000070f174220) 
thrown [open/src/hotspot/share/classfile/systemDictionary.cpp, line 256]
Event: 1.537 Thread 0x000000014fa2d200 Exception <a 'java/lang/ClassNotFoundException'{0x000000070f18c508}: jdk/jfr/internal/handlers/EventHandler1476_1691533741452-45625> (0x000000070f18c508) 
thrown [open/src/hotspot/share/classfile/systemDictionary.cpp, line 256]
Event: 1.538 Thread 0x000000014fa2d200 Exception <a 'java/lang/ClassNotFoundException'{0x000000070f19c0d0}: jdk/jfr/internal/handlers/EventHandler1479_1691533741452-45625> (0x000000070f19c0d0) 
thrown [open/src/hotspot/share/classfile/systemDictionary.cpp, line 256]
Event: 1.538 Thread 0x000000014fa2d200 Exception <a 'java/lang/ClassNotFoundException'{0x000000070f1a7670}: jdk/jfr/internal/handlers/EventHandler1481_1691533741452-45625> (0x000000070f1a7670) 
thrown [open/src/hotspot/share/classfile/systemDictionary.cpp, line 256]
Event: 1.540 Thread 0x000000014fa2d200 Exception <a 'java/lang/ClassNotFoundException'{0x000000070f1bd6b8}: jdk/jfr/internal/handlers/EventHandler1744_1691533741452-45625> (0x000000070f1bd6b8) 
thrown [open/src/hotspot/share/classfile/systemDictionary.cpp, line 256]
Event: 1.541 Thread 0x000000014fa2d200 Exception <a 'java/lang/ClassNotFoundException'{0x000000070f1cd100}: jdk/jfr/internal/handlers/EventHandler1747_1691533741452-45625> (0x000000070f1cd100) 
thrown [open/src/hotspot/share/classfile/systemDictionary.cpp, line 256]
Event: 1.541 Thread 0x000000014fa2d200 Exception <a 'java/lang/ClassNotFoundException'{0x000000070f1da4a8}: jdk/jfr/internal/handlers/EventHandler1750_1691533741452-45625> (0x000000070f1da4a8) 
thrown [open/src/hotspot/share/classfile/systemDictionary.cpp, line 256]
Event: 1.542 Thread 0x000000014fa2d200 Exception <a 'java/lang/ClassNotFoundException'{0x000000070f1e7f28}: jdk/jfr/internal/handlers/EventHandler1753_1691533741452-45625> (0x000000070f1e7f28) 
thrown [open/src/hotspot/share/classfile/systemDictionary.cpp, line 256]
Event: 1.542 Thread 0x000000014fa2d200 Exception <a 'java/lang/ClassNotFoundException'{0x000000070f1f4138}: jdk/jfr/internal/handlers/EventHandler1756_1691533741452-45625> (0x000000070f1f4138) 
thrown [open/src/hotspot/share/classfile/systemDictionary.cpp, line 256]
Event: 1.591 Thread 0x000000014fa2d200 Exception <a 'java/lang/NoSuchMethodError'{0x000000070ebf6688}: 'void java.lang.invoke.DirectMethodHandle$Holder.invokeStatic(java.lang.Object, java.lang.Object, int)'> (0x000000070ebf6688) 
thrown [open/src/hotspot/share/interpreter/linkResolver.cpp, line 759]
Event: 1.592 Thread 0x000000014fa2d200 Exception <a 'java/lang/NoSuchMethodError'{0x000000070ebfc7d8}: 'java.lang.Object java.lang.invoke.DirectMethodHandle$Holder.newInvokeSpecial(java.lang.Object, java.lang.Object, int)'> (0x000000070ebfc7d8) 
thrown [open/src/hotspot/share/interpreter/linkResolver.cpp, line 759]
Event: 1.603 Thread 0x000000014fa2d200 Exception <a 'java/lang/NoSuchMethodError'{0x000000070fe2d3b8}: 'void java.lang.invoke.DirectMethodHandle$Holder.invokeSpecial(java.lang.Object, java.lang.Object, java.lang.Object)'> (0x000000070fe2d3b8) 
thrown [open/src/hotspot/share/interpreter/linkResolver.cpp, line 759]
Event: 1.635 Thread 0x000000014fa2d200 Exception <a 'java/lang/NoSuchMethodError'{0x000000070fa80f18}: 'java.lang.Object java.lang.invoke.DirectMethodHandle$Holder.invokeStaticInit(java.lang.Object, int)'> (0x000000070fa80f18) 
thrown [open/src/hotspot/share/interpreter/linkResolver.cpp, line 759]
Event: 1.641 Thread 0x000000014fa2d200 Exception <a 'java/lang/NoSuchMethodError'{0x000000070fac0a68}: 'java.lang.Object java.lang.invoke.DirectMethodHandle$Holder.invokeInterface(java.lang.Object, java.lang.Object)'> (0x000000070fac0a68) 
thrown [open/src/hotspot/share/interpreter/linkResolver.cpp, line 759]

VM Operations (20 events):
Event: 1.543 Executing VM operation: ICBufferFull
Event: 1.543 Executing VM operation: ICBufferFull done
Event: 1.588 Executing VM operation: RedefineClasses
Event: 1.591 Executing VM operation: RedefineClasses done
Event: 1.592 Executing VM operation: G1CollectForAllocation
Event: 1.595 Executing VM operation: G1CollectForAllocation done
Event: 1.602 Executing VM operation: HandshakeAllThreads
Event: 1.602 Executing VM operation: HandshakeAllThreads done
Event: 1.613 Executing VM operation: JFRCheckpoint
Event: 1.613 Executing VM operation: JFRCheckpoint done
Event: 1.614 Executing VM operation: JFROldObject
Event: 1.615 Executing VM operation: JFROldObject done
Event: 1.622 Executing VM operation: RedefineClasses
Event: 1.624 Executing VM operation: RedefineClasses done
Event: 1.626 Executing VM operation: ClassLoaderStatsOperation
Event: 1.626 Executing VM operation: ClassLoaderStatsOperation done
Event: 1.638 Executing VM operation: HandshakeAllThreads
Event: 1.638 Executing VM operation: HandshakeAllThreads done
Event: 1.670 Executing VM operation: HandshakeAllThreads
Event: 1.670 Executing VM operation: HandshakeAllThreads done

Events (20 events):
Event: 1.642 loading class java/io/StringWriter
Event: 1.642 loading class java/io/StringWriter done
Event: 1.655 loading class sun/net/www/protocol/jar/JarURLConnection
Event: 1.655 loading class java/net/JarURLConnection
Event: 1.655 loading class java/net/URLConnection
Event: 1.655 loading class java/net/URLConnection done
Event: 1.655 loading class java/net/JarURLConnection done
Event: 1.655 loading class sun/net/www/protocol/jar/JarURLConnection done
Event: 1.655 loading class sun/net/www/protocol/jar/JarFileFactory
Event: 1.655 loading class sun/net/www/protocol/jar/URLJarFile$URLJarFileCloseController
Event: 1.655 loading class sun/net/www/protocol/jar/URLJarFile$URLJarFileCloseController done
Event: 1.655 loading class sun/net/www/protocol/jar/JarFileFactory done
Event: 1.656 loading class sun/net/www/protocol/file/FileURLConnection
Event: 1.656 loading class sun/net/www/URLConnection
Event: 1.656 loading class sun/net/www/URLConnection done
Event: 1.656 loading class sun/net/www/protocol/file/FileURLConnection done
Event: 1.656 loading class sun/net/www/MessageHeader
Event: 1.656 loading class sun/net/www/MessageHeader done
Event: 1.656 loading class sun/net/www/protocol/jar/URLJarFile
Event: 1.656 loading class sun/net/www/protocol/jar/URLJarFile done


Dynamic libraries:
0x0000000104e0c000 	/Library/Java/JavaVirtualMachines/jdk-17.jdk/Contents/Home/lib/libjli.dylib
0x00000001a1f8f000 	/System/Library/Frameworks/Cocoa.framework/Versions/A/Cocoa
0x000000018e199000 	/System/Library/Frameworks/AppKit.framework/Versions/C/AppKit
0x00000001916b0000 	/System/Library/Frameworks/CoreData.framework/Versions/A/CoreData
0x000000018c4f4000 	/System/Library/Frameworks/Foundation.framework/Versions/C/Foundation
0x000000019610c000 	/usr/lib/libSystem.B.dylib
0x000000018f052000 	/System/Library/PrivateFrameworks/UIFoundation.framework/Versions/A/UIFoundation
0x000000019c15b000 	/System/Library/PrivateFrameworks/RemoteViewServices.framework/Versions/A/RemoteViewServices
0x00000001945cc000 	/System/Library/PrivateFrameworks/XCTTargetBootstrap.framework/Versions/A/XCTTargetBootstrap
0x0000000197e4c000 	/System/Library/PrivateFrameworks/InternationalSupport.framework/Versions/A/InternationalSupport
0x0000000197ed5000 	/System/Library/PrivateFrameworks/UserActivity.framework/Versions/A/UserActivity
0x0000000197343000 	/usr/lib/libspindump.dylib
0x000000018f2c3000 	/System/Library/Frameworks/UniformTypeIdentifiers.framework/Versions/A/UniformTypeIdentifiers
0x0000000192b14000 	/usr/lib/libapp_launch_measurement.dylib
0x000000019203c000 	/System/Library/PrivateFrameworks/CoreAnalytics.framework/Versions/A/CoreAnalytics
0x0000000192b17000 	/System/Library/PrivateFrameworks/CoreAutoLayout.framework/Versions/A/CoreAutoLayout
0x0000000193ebb000 	/System/Library/Frameworks/Metal.framework/Versions/A/Metal
0x0000000194c34000 	/usr/lib/liblangid.dylib
0x00000001945d1000 	/System/Library/PrivateFrameworks/CoreSVG.framework/Versions/A/CoreSVG
0x000000019075a000 	/System/Library/PrivateFrameworks/SkyLight.framework/Versions/A/SkyLight
0x0000000190b36000 	/System/Library/Frameworks/CoreGraphics.framework/Versions/A/CoreGraphics
0x000000019c827000 	/System/Library/Frameworks/Accelerate.framework/Versions/A/Accelerate
0x0000000196dba000 	/System/Library/PrivateFrameworks/IconServices.framework/Versions/A/IconServices
0x0000000193e9d000 	/System/Library/Frameworks/IOSurface.framework/Versions/A/IOSurface
0x000000019206d000 	/usr/lib/libDiagnosticMessagesClient.dylib
0x0000000196055000 	/usr/lib/libz.1.dylib
0x000000019fd2c000 	/System/Library/Frameworks/ApplicationServices.framework/Versions/A/ApplicationServices
0x00000001945b4000 	/System/Library/PrivateFrameworks/DFRFoundation.framework/Versions/A/DFRFoundation
0x000000018da29000 	/usr/lib/libicucore.A.dylib
0x0000000198cfa000 	/System/Library/Frameworks/AudioToolbox.framework/Versions/A/AudioToolbox
0x0000000197e58000 	/System/Library/PrivateFrameworks/DataDetectorsCore.framework/Versions/A/DataDetectorsCore
0x00000001ae878000 	/System/Library/PrivateFrameworks/TextInput.framework/Versions/A/TextInput
0x00000001906cf000 	/usr/lib/libMobileGestalt.dylib
0x0000000194280000 	/System/Library/Frameworks/Carbon.framework/Versions/A/Frameworks/HIToolbox.framework/Versions/A/HIToolbox
0x00000001924ed000 	/System/Library/Frameworks/QuartzCore.framework/Versions/A/QuartzCore
0x000000018d6aa000 	/System/Library/Frameworks/Security.framework/Versions/A/Security
0x000000019c19b000 	/System/Library/Frameworks/Carbon.framework/Versions/A/Frameworks/SpeechRecognition.framework/Versions/A/SpeechRecognition
0x0000000192869000 	/System/Library/PrivateFrameworks/CoreUI.framework/Versions/A/CoreUI
0x000000018cf86000 	/System/Library/Frameworks/CoreAudio.framework/Versions/A/CoreAudio
0x0000000192161000 	/System/Library/Frameworks/DiskArbitration.framework/Versions/A/DiskArbitration
0x000000019774d000 	/System/Library/PrivateFrameworks/MultitouchSupport.framework/Versions/A/MultitouchSupport
0x00000001906cd000 	/usr/lib/libenergytrace.dylib
0x000000018e061000 	/System/Library/Frameworks/IOKit.framework/Versions/A/IOKit
0x000000019c58a000 	/System/Library/Frameworks/CoreServices.framework/Versions/A/CoreServices
0x0000000192aa4000 	/System/Library/PrivateFrameworks/PerformanceAnalysis.framework/Versions/A/PerformanceAnalysis
0x00000001ecd23000 	/System/Library/Frameworks/OpenGL.framework/Versions/A/OpenGL
0x00000001956a7000 	/System/Library/PrivateFrameworks/MobileKeyBag.framework/Versions/A/MobileKeyBag
0x000000018b427000 	/usr/lib/libobjc.A.dylib
0x0000000191144000 	/System/Library/Frameworks/ColorSync.framework/Versions/A/ColorSync
0x000000018b5f0000 	/System/Library/Frameworks/CoreFoundation.framework/Versions/A/CoreFoundation
0x0000000194850000 	/System/Library/Frameworks/CoreImage.framework/Versions/A/CoreImage
0x000000018cdaa000 	/System/Library/Frameworks/CoreText.framework/Versions/A/CoreText
0x0000000194601000 	/System/Library/Frameworks/ImageIO.framework/Versions/A/ImageIO
0x0000000196112000 	/System/Library/PrivateFrameworks/SoftLinking.framework/Versions/A/SoftLinking
0x0000000192b62000 	/usr/lib/libxml2.2.dylib
0x000000018b4ea000 	/usr/lib/libc++.1.dylib
0x00000001963ab000 	/usr/lib/libcompression.dylib
0x0000000197da8000 	/System/Library/PrivateFrameworks/TextureIO.framework/Versions/A/TextureIO
0x0000000196ad3000 	/usr/lib/libate.dylib
0x0000000196106000 	/usr/lib/system/libcache.dylib
0x00000001960c4000 	/usr/lib/system/libcommonCrypto.dylib
0x00000001960ed000 	/usr/lib/system/libcompiler_rt.dylib
0x00000001960e4000 	/usr/lib/system/libcopyfile.dylib
0x000000018b32b000 	/usr/lib/system/libcorecrypto.dylib
0x000000018b3e0000 	/usr/lib/system/libdispatch.dylib
0x000000018b5ae000 	/usr/lib/system/libdyld.dylib
0x00000001960fc000 	/usr/lib/system/libkeymgr.dylib
0x000000019609f000 	/usr/lib/system/libmacho.dylib
0x000000019578f000 	/usr/lib/system/libquarantine.dylib
0x00000001960f9000 	/usr/lib/system/libremovefile.dylib
0x0000000190726000 	/usr/lib/system/libsystem_asl.dylib
0x000000018b2cd000 	/usr/lib/system/libsystem_blocks.dylib
0x000000018b468000 	/usr/lib/system/libsystem_c.dylib
0x00000001960f1000 	/usr/lib/system/libsystem_collections.dylib
0x0000000194c24000 	/usr/lib/system/libsystem_configuration.dylib
0x0000000193e7e000 	/usr/lib/system/libsystem_containermanager.dylib
0x0000000195dfc000 	/usr/lib/system/libsystem_coreservices.dylib
0x000000018dcdf000 	/usr/lib/system/libsystem_darwin.dylib
0x00000001960fd000 	/usr/lib/system/libsystem_dnssd.dylib
0x000000018b465000 	/usr/lib/system/libsystem_featureflags.dylib
0x000000018b5c3000 	/usr/lib/system/libsystem_info.dylib
0x0000000196067000 	/usr/lib/system/libsystem_m.dylib
0x000000018b3b5000 	/usr/lib/system/libsystem_malloc.dylib
0x00000001906b4000 	/usr/lib/system/libsystem_networkextension.dylib
0x000000018e138000 	/usr/lib/system/libsystem_notify.dylib
0x000000019c461000 	/usr/lib/system/libsystem_product_info_filter.dylib
0x0000000194c29000 	/usr/lib/system/libsystem_sandbox.dylib
0x00000001960f6000 	/usr/lib/system/libsystem_secinit.dylib
0x000000018b569000 	/usr/lib/system/libsystem_kernel.dylib
0x000000018b5bb000 	/usr/lib/system/libsystem_platform.dylib
0x000000018b5a1000 	/usr/lib/system/libsystem_pthread.dylib
0x0000000191e8a000 	/usr/lib/system/libsystem_symptoms.dylib
0x000000018b311000 	/usr/lib/system/libsystem_trace.dylib
0x00000001960d1000 	/usr/lib/system/libunwind.dylib
0x000000018b2cf000 	/usr/lib/system/libxpc.dylib
0x000000018b551000 	/usr/lib/libc++abi.dylib
0x00000001960dc000 	/usr/lib/liboah.dylib
0x0000000196998000 	/usr/lib/liblzma.5.dylib
0x000000018c1e7000 	/System/Library/Frameworks/SystemConfiguration.framework/Versions/A/SystemConfiguration
0x000000019610e000 	/usr/lib/libfakelink.dylib
0x00000001901ff000 	/System/Library/Frameworks/CFNetwork.framework/Versions/A/CFNetwork
0x0000000196254000 	/usr/lib/libarchive.2.dylib
0x0000000194c30000 	/System/Library/PrivateFrameworks/AppleSystemInfo.framework/Versions/A/AppleSystemInfo
0x00000001957ba000 	/usr/lib/libbsm.0.dylib
0x000000018f76c000 	/usr/lib/libnetwork.dylib
0x00000001960a8000 	/usr/lib/system/libkxld.dylib
0x00000001953d4000 	/System/Library/PrivateFrameworks/IOMobileFramebuffer.framework/Versions/A/IOMobileFramebuffer
0x000000020b10d000 	/usr/lib/libCoreEntitlements.dylib
0x0000000195dde000 	/System/Library/PrivateFrameworks/AppleFSCompression.framework/Versions/A/AppleFSCompression
0x00000001957a2000 	/usr/lib/libcoretls.dylib
0x00000001969b1000 	/usr/lib/libcoretls_cfhelpers.dylib
0x00000001963a6000 	/usr/lib/libpam.2.dylib
0x0000000191aa0000 	/usr/lib/libsqlite3.dylib
0x0000000196a1a000 	/usr/lib/libxar.1.dylib
0x0000000195def000 	/usr/lib/libbz2.1.0.dylib
0x0000000196113000 	/usr/lib/libpcap.A.dylib
0x0000000191e81000 	/usr/lib/libdns_services.dylib
0x0000000196379000 	/usr/lib/libapple_nghttp2.dylib
0x0000000196150000 	/usr/lib/libiconv.2.dylib
0x000000019609e000 	/usr/lib/libcharset.1.dylib
0x0000000192ae0000 	/System/Library/Frameworks/CoreServices.framework/Versions/A/Frameworks/FSEvents.framework/Versions/A/FSEvents
0x000000018dcea000 	/System/Library/Frameworks/CoreServices.framework/Versions/A/Frameworks/CarbonCore.framework/Versions/A/CarbonCore
0x00000001920c1000 	/System/Library/Frameworks/CoreServices.framework/Versions/A/Frameworks/Metadata.framework/Versions/A/Metadata
0x0000000195e02000 	/System/Library/Frameworks/CoreServices.framework/Versions/A/Frameworks/OSServices.framework/Versions/A/OSServices
0x00000001962da000 	/System/Library/Frameworks/CoreServices.framework/Versions/A/Frameworks/SearchKit.framework/Versions/A/SearchKit
0x0000000191e0f000 	/System/Library/Frameworks/CoreServices.framework/Versions/A/Frameworks/AE.framework/Versions/A/AE
0x000000018bb37000 	/System/Library/Frameworks/CoreServices.framework/Versions/A/Frameworks/LaunchServices.framework/Versions/A/LaunchServices
0x0000000196941000 	/System/Library/Frameworks/CoreServices.framework/Versions/A/Frameworks/DictionaryServices.framework/Versions/A/DictionaryServices
0x0000000192aed000 	/System/Library/Frameworks/CoreServices.framework/Versions/A/Frameworks/SharedFileList.framework/Versions/A/SharedFileList
0x0000000195792000 	/usr/lib/libCheckFix.dylib
0x000000019073e000 	/System/Library/PrivateFrameworks/TCC.framework/Versions/A/TCC
0x0000000194c36000 	/System/Library/PrivateFrameworks/CoreNLP.framework/Versions/A/CoreNLP
0x0000000192070000 	/System/Library/PrivateFrameworks/MetadataUtilities.framework/Versions/A/MetadataUtilities
0x000000018c2a1000 	/usr/lib/libmecabra.dylib
0x00000001957cb000 	/usr/lib/libmecab.dylib
0x000000018c26d000 	/usr/lib/libCRFSuite.dylib
0x0000000195828000 	/usr/lib/libgermantok.dylib
0x0000000196352000 	/usr/lib/libThaiTokenizer.dylib
0x0000000192169000 	/System/Library/Frameworks/Accelerate.framework/Versions/A/Frameworks/vImage.framework/Versions/A/vImage
0x000000019c561000 	/System/Library/Frameworks/Accelerate.framework/Versions/A/Frameworks/vecLib.framework/Versions/A/vecLib
0x0000000196a5f000 	/System/Library/Frameworks/Accelerate.framework/Versions/A/Frameworks/vecLib.framework/Versions/A/libvMisc.dylib
0x00000001952db000 	/System/Library/Frameworks/Accelerate.framework/Versions/A/Frameworks/vecLib.framework/Versions/A/libvDSP.dylib
0x000000018bec2000 	/System/Library/Frameworks/Accelerate.framework/Versions/A/Frameworks/vecLib.framework/Versions/A/libBLAS.dylib
0x000000019647c000 	/System/Library/Frameworks/Accelerate.framework/Versions/A/Frameworks/vecLib.framework/Versions/A/libLAPACK.dylib
0x000000019582b000 	/System/Library/Frameworks/Accelerate.framework/Versions/A/Frameworks/vecLib.framework/Versions/A/libLinearAlgebra.dylib
0x0000000196391000 	/System/Library/Frameworks/Accelerate.framework/Versions/A/Frameworks/vecLib.framework/Versions/A/libSparseBLAS.dylib
0x0000000196477000 	/System/Library/Frameworks/Accelerate.framework/Versions/A/Frameworks/vecLib.framework/Versions/A/libQuadrature.dylib
0x0000000194d2f000 	/System/Library/Frameworks/Accelerate.framework/Versions/A/Frameworks/vecLib.framework/Versions/A/libBNNS.dylib
0x000000018c180000 	/System/Library/Frameworks/Accelerate.framework/Versions/A/Frameworks/vecLib.framework/Versions/A/libSparse.dylib
0x0000000194d27000 	/System/Library/PrivateFrameworks/LinguisticData.framework/Versions/A/LinguisticData
0x000000018c138000 	/System/Library/PrivateFrameworks/Lexicon.framework/Versions/A/Lexicon
0x0000000196a57000 	/usr/lib/libChineseTokenizer.dylib
0x000000018c8e6000 	/System/Library/PrivateFrameworks/LanguageModeling.framework/Versions/A/LanguageModeling
0x0000000196354000 	/System/Library/PrivateFrameworks/AppleSauce.framework/Versions/A/AppleSauce
0x00000001953c1000 	/System/Library/PrivateFrameworks/CoreEmoji.framework/Versions/A/CoreEmoji
0x0000000196242000 	/usr/lib/libcmph.dylib
0x0000000192ac0000 	/System/Library/Frameworks/OpenDirectory.framework/Versions/A/Frameworks/CFOpenDirectory.framework/Versions/A/CFOpenDirectory
0x0000000192ab0000 	/System/Library/Frameworks/OpenDirectory.framework/Versions/A/OpenDirectory
0x00000001969b3000 	/System/Library/PrivateFrameworks/APFS.framework/Versions/A/APFS
0x00000001956e2000 	/System/Library/Frameworks/SecurityFoundation.framework/Versions/A/SecurityFoundation
0x0000000196a29000 	/usr/lib/libutil.dylib
0x000000018e023000 	/System/Library/PrivateFrameworks/CoreServicesStore.framework/Versions/A/CoreServicesStore
0x0000000196a2d000 	/usr/lib/libxslt.1.dylib
0x0000000195776000 	/System/Library/PrivateFrameworks/BackgroundTaskManagement.framework/Versions/A/BackgroundTaskManagement
0x0000000197cc9000 	/System/Library/Frameworks/ImageIO.framework/Versions/A/Resources/libRadiance.dylib
0x0000000197cd2000 	/System/Library/Frameworks/ImageIO.framework/Versions/A/Resources/libJPEG.dylib
0x0000000197c25000 	/System/Library/Frameworks/ImageIO.framework/Versions/A/Resources/libPng.dylib
0x0000000197c47000 	/System/Library/Frameworks/ImageIO.framework/Versions/A/Resources/libTIFF.dylib
0x0000000197d2d000 	/System/Library/Frameworks/ImageIO.framework/Versions/A/Resources/libGIF.dylib
0x000000019765d000 	/System/Library/Frameworks/ImageIO.framework/Versions/A/Resources/libJP2.dylib
0x0000000196d7f000 	/usr/lib/libexpat.1.dylib
0x0000000197618000 	/System/Library/PrivateFrameworks/AppleJPEG.framework/Versions/A/AppleJPEG
0x000000019413c000 	/System/Library/PrivateFrameworks/FontServices.framework/libFontParser.dylib
0x0000000191db4000 	/System/Library/PrivateFrameworks/RunningBoardServices.framework/Versions/A/RunningBoardServices
0x00000001a2666000 	/System/Library/PrivateFrameworks/IOSurfaceAccelerator.framework/Versions/A/IOSurfaceAccelerator
0x0000000197749000 	/System/Library/PrivateFrameworks/WatchdogClient.framework/Versions/A/WatchdogClient
0x000000018c9e6000 	/System/Library/Frameworks/CoreDisplay.framework/Versions/A/CoreDisplay
0x0000000194026000 	/System/Library/Frameworks/CoreMedia.framework/Versions/A/CoreMedia
0x0000000193eb1000 	/System/Library/PrivateFrameworks/IOAccelerator.framework/Versions/A/IOAccelerator
0x0000000192c50000 	/System/Library/Frameworks/CoreVideo.framework/Versions/A/CoreVideo
0x00000001963a4000 	/System/Library/Frameworks/MetalPerformanceShaders.framework/Versions/A/MetalPerformanceShaders
0x0000000197788000 	/System/Library/Frameworks/VideoToolbox.framework/Versions/A/VideoToolbox
0x0000000191cf8000 	/System/Library/PrivateFrameworks/BaseBoard.framework/Versions/A/BaseBoard
0x0000000191a86000 	/System/Library/PrivateFrameworks/ProtocolBuffer.framework/Versions/A/ProtocolBuffer
0x0000000197cc4000 	/System/Library/PrivateFrameworks/GPUWrangler.framework/Versions/A/GPUWrangler
0x0000000197ca4000 	/System/Library/PrivateFrameworks/IOPresentment.framework/Versions/A/IOPresentment
0x0000000197ccc000 	/System/Library/PrivateFrameworks/DSExternalDisplay.framework/Versions/A/DSExternalDisplay
0x00000001ecd16000 	/System/Library/Frameworks/OpenGL.framework/Versions/A/Libraries/libCoreFSCache.dylib
0x00000001f7be0000 	/System/Library/PrivateFrameworks/GPUCompiler.framework/Versions/31001/Libraries/libGPUCompilerUtils.dylib
0x0000000197d32000 	/System/Library/PrivateFrameworks/CMCaptureCore.framework/Versions/A/CMCaptureCore
0x0000000197330000 	/System/Library/PrivateFrameworks/AppServerSupport.framework/Versions/A/AppServerSupport
0x00000001995b8000 	/System/Library/PrivateFrameworks/perfdata.framework/Versions/A/perfdata
0x000000018cb06000 	/System/Library/PrivateFrameworks/AudioToolboxCore.framework/Versions/A/AudioToolboxCore
0x0000000193fff000 	/System/Library/PrivateFrameworks/caulk.framework/Versions/A/caulk
0x0000000198ead000 	/usr/lib/libAudioStatistics.dylib
0x00000001aaecb000 	/System/Library/PrivateFrameworks/SystemPolicy.framework/Versions/A/SystemPolicy
0x0000000199119000 	/usr/lib/libSMC.dylib
0x00000001a1e6d000 	/System/Library/Frameworks/CoreMIDI.framework/Versions/A/CoreMIDI
0x0000000197bf3000 	/usr/lib/libAudioToolboxUtility.dylib
0x00000001a702e000 	/System/Library/PrivateFrameworks/OSAServicesClient.framework/Versions/A/OSAServicesClient
0x00000001995c5000 	/usr/lib/libperfcheck.dylib
0x00000001ab9ea000 	/usr/lib/libmis.dylib
0x00000001ecd78000 	/System/Library/Frameworks/OpenGL.framework/Versions/A/Libraries/libGLU.dylib
0x00000001ecd37000 	/System/Library/Frameworks/OpenGL.framework/Versions/A/Libraries/libGFXShared.dylib
0x00000001ecf24000 	/System/Library/Frameworks/OpenGL.framework/Versions/A/Libraries/libGL.dylib
0x00000001ecd40000 	/System/Library/Frameworks/OpenGL.framework/Versions/A/Libraries/libGLImage.dylib
0x00000001ecd34000 	/System/Library/Frameworks/OpenGL.framework/Versions/A/Libraries/libCVMSPluginSupport.dylib
0x00000001ecd1d000 	/System/Library/Frameworks/OpenGL.framework/Versions/A/Libraries/libCoreVMClient.dylib
0x0000000194bb0000 	/System/Library/Frameworks/MetalPerformanceShaders.framework/Versions/A/Frameworks/MPSCore.framework/Versions/A/MPSCore
0x0000000195d51000 	/System/Library/Frameworks/MetalPerformanceShaders.framework/Versions/A/Frameworks/MPSImage.framework/Versions/A/MPSImage
0x0000000195840000 	/System/Library/Frameworks/MetalPerformanceShaders.framework/Versions/A/Frameworks/MPSNeuralNetwork.framework/Versions/A/MPSNeuralNetwork
0x0000000195c79000 	/System/Library/Frameworks/MetalPerformanceShaders.framework/Versions/A/Frameworks/MPSMatrix.framework/Versions/A/MPSMatrix
0x0000000195a52000 	/System/Library/Frameworks/MetalPerformanceShaders.framework/Versions/A/Frameworks/MPSRayIntersector.framework/Versions/A/MPSRayIntersector
0x0000000195caa000 	/System/Library/Frameworks/MetalPerformanceShaders.framework/Versions/A/Frameworks/MPSNDArray.framework/Versions/A/MPSNDArray
0x00000001ef81f000 	/System/Library/Frameworks/MetalPerformanceShaders.framework/Versions/A/Frameworks/MPSFunctions.framework/Versions/A/MPSFunctions
0x000000018bd98000 	/System/Library/PrivateFrameworks/MetalTools.framework/Versions/A/MetalTools
0x0000000194c2e000 	/System/Library/PrivateFrameworks/AggregateDictionary.framework/Versions/A/AggregateDictionary
0x0000000196b64000 	/usr/lib/libIOReport.dylib
0x00000001a0e86000 	/System/Library/PrivateFrameworks/ASEProcessing.framework/Versions/A/ASEProcessing
0x0000000196ed9000 	/System/Library/PrivateFrameworks/FaceCore.framework/Versions/A/FaceCore
0x0000000196ecb000 	/System/Library/PrivateFrameworks/GraphVisualizer.framework/Versions/A/GraphVisualizer
0x00000001f7af7000 	/System/Library/PrivateFrameworks/FontServices.framework/Versions/A/FontServices
0x00000001972ec000 	/System/Library/PrivateFrameworks/OTSVG.framework/Versions/A/OTSVG
0x0000000192819000 	/System/Library/Frameworks/ApplicationServices.framework/Versions/A/Frameworks/ATS.framework/Versions/A/Resources/libFontRegistry.dylib
0x0000000197339000 	/System/Library/PrivateFrameworks/FontServices.framework/libhvf.dylib
0x00000001f7af8000 	/System/Library/PrivateFrameworks/FontServices.framework/libXTFontStaticRegistryData.dylib
0x00000001ed0c5000 	/System/Library/Frameworks/OpenCL.framework/Versions/A/OpenCL
0x0000000196d33000 	/System/Library/PrivateFrameworks/AppleVA.framework/Versions/A/AppleVA
0x0000000198ed5000 	/System/Library/Frameworks/ApplicationServices.framework/Versions/A/Frameworks/ATS.framework/Versions/A/ATS
0x0000000191243000 	/System/Library/Frameworks/ApplicationServices.framework/Versions/A/Frameworks/HIServices.framework/Versions/A/HIServices
0x0000000197d3c000 	/System/Library/Frameworks/ApplicationServices.framework/Versions/A/Frameworks/PrintCore.framework/Versions/A/PrintCore
0x000000019926c000 	/System/Library/Frameworks/ApplicationServices.framework/Versions/A/Frameworks/QD.framework/Versions/A/QD
0x0000000199264000 	/System/Library/Frameworks/ApplicationServices.framework/Versions/A/Frameworks/ColorSyncLegacy.framework/Versions/A/ColorSyncLegacy
0x0000000198ec1000 	/System/Library/Frameworks/ApplicationServices.framework/Versions/A/Frameworks/SpeechSynthesis.framework/Versions/A/SpeechSynthesis
0x0000000197cfd000 	/System/Library/Frameworks/ApplicationServices.framework/Versions/A/Frameworks/ATSUI.framework/Versions/A/ATSUI
0x00000001991f9000 	/usr/lib/libcups.2.dylib
0x00000001995d3000 	/System/Library/Frameworks/Kerberos.framework/Versions/A/Kerberos
0x00000001995e4000 	/System/Library/Frameworks/GSS.framework/Versions/A/GSS
0x0000000198f45000 	/usr/lib/libresolv.9.dylib
0x0000000197348000 	/System/Library/PrivateFrameworks/Heimdal.framework/Versions/A/Heimdal
0x00000001a00bc000 	/System/Library/Frameworks/Kerberos.framework/Versions/A/Libraries/libHeimdalProxy.dylib
0x0000000191e93000 	/System/Library/Frameworks/Network.framework/Versions/A/Network
0x0000000196d9a000 	/usr/lib/libheimdal-asn1.dylib
0x0000000199634000 	/System/Library/PrivateFrameworks/CommonAuth.framework/Versions/A/CommonAuth
0x0000000198e3b000 	/System/Library/PrivateFrameworks/AudioSession.framework/Versions/A/AudioSession
0x0000000196e2c000 	/System/Library/PrivateFrameworks/MediaExperience.framework/Versions/A/MediaExperience
0x0000000198cc0000 	/System/Library/PrivateFrameworks/AudioSession.framework/libSessionUtility.dylib
0x0000000199278000 	/System/Library/PrivateFrameworks/AudioResourceArbitration.framework/Versions/A/AudioResourceArbitration
0x000000019d43e000 	/System/Library/PrivateFrameworks/PowerLog.framework/Versions/A/PowerLog
0x0000000196da4000 	/System/Library/PrivateFrameworks/IconFoundation.framework/Versions/A/IconFoundation
0x000000019c187000 	/System/Library/PrivateFrameworks/SpeechRecognitionCore.framework/Versions/A/SpeechRecognitionCore
0x0000000105f14000 	/Library/Java/JavaVirtualMachines/jdk-17.jdk/Contents/Home/lib/server/libjvm.dylib
0x0000000105024000 	/Library/Java/JavaVirtualMachines/jdk-17.jdk/Contents/Home/lib/libjimage.dylib
0x0000000105050000 	/Library/Java/JavaVirtualMachines/jdk-17.jdk/Contents/Home/lib/libinstrument.dylib
0x000000010509c000 	/Library/Java/JavaVirtualMachines/jdk-17.jdk/Contents/Home/lib/libjava.dylib
0x00000001051d8000 	/private/var/folders/hm/032r7g4n7w1bjzqrb88hrkwm0000gp/T/libasyncProfiler.so
0x00000001051a0000 	/Library/Java/JavaVirtualMachines/jdk-17.jdk/Contents/Home/lib/libzip.dylib
0x0000000105e3c000 	/Library/Java/JavaVirtualMachines/jdk-17.jdk/Contents/Home/lib/libnio.dylib
0x0000000105e5c000 	/Library/Java/JavaVirtualMachines/jdk-17.jdk/Contents/Home/lib/libnet.dylib
0x0000000105178000 	/Library/Java/JavaVirtualMachines/jdk-17.jdk/Contents/Home/lib/libextnet.dylib


VM Arguments:
jvm_args: -ea -Didea.test.cyclic.buffer.size=1048576 -javaagent:/Users/changli/Library/Application Support/JetBrains/Toolbox/apps/IDEA-U/ch-0/231.9392.1/IntelliJ IDEA.app/Contents/lib/idea_rt.jar=59573:/Users/changli/Library/Application Support/JetBrains/Toolbox/apps/IDEA-U/ch-0/231.9392.1/IntelliJ IDEA.app/Contents/bin -agentpath:/private/var/folders/hm/032r7g4n7w1bjzqrb88hrkwm0000gp/T/libasyncProfiler.so=start,jfr,event=cpu,interval=10ms,jfrsync=profile,cstack=no,file=/Users/changli/IdeaSnapshots/PostRepositoryTests__1__2023_08_08_162859.jfr,log=/private/var/folders/hm/032r7g4n7w1bjzqrb88hrkwm0000gp/T/PostRepositoryTests__1__2023_08_08_162859.jfr.log.txt,logLevel=DEBUG -Dfile.encoding=UTF-8 
java_command: com.intellij.rt.junit.JUnitStarter -ideVersion5 -junit5 com.game.gamelist.repository.PostRepositoryTests
java_class_path (initial): /Users/changli/.m2/repository/org/junit/platform/junit-platform-launcher/1.9.3/junit-platform-launcher-1.9.3.jar:/Users/changli/.m2/repository/org/junit/vintage/junit-vintage-engine/5.9.3/junit-vintage-engine-5.9.3.jar:/Users/changli/Library/Application Support/JetBrains/Toolbox/apps/IDEA-U/ch-0/231.9392.1/IntelliJ IDEA.app/Contents/lib/idea_rt.jar:/Users/changli/Library/Application Support/JetBrains/Toolbox/apps/IDEA-U/ch-0/231.9392.1/IntelliJ IDEA.app/Contents/plugins/junit/lib/junit5-rt.jar:/Users/changli/Library/Application Support/JetBrains/Toolbox/apps/IDEA-U/ch-0/231.9392.1/IntelliJ IDEA.app/Contents/plugins/junit/lib/junit-rt.jar:/Users/changli/Desktop/gamelist-spring/target/test-classes:/Users/changli/Desktop/gamelist-spring/target/classes:/Users/changli/.m2/repository/org/springframework/boot/spring-boot-starter-actuator/3.1.2/spring-boot-starter-actuator-3.1.2.jar:/Users/changli/.m2/repository/org/springframework/boot/spring-boot-starter/3.1.2/spring-boot-starter-3.1.2.jar:/Users/changli/.m2/repository/org/springframework/boot/spring-boot-starter-logging/3.1.2/spring-boot-starter-logging-3.1.2.jar:/Users/changli/.m2/repository/org/apache/logging/log4j/log4j-to-slf4j/2.20.0/log4j-to-slf4j-2.20.0.jar:/Users/changli/.m2/repository/org/apache/logging/log4j/log4j-api/2.20.0/log4j-api-2.20.0.jar:/Users/changli/.m2/repository/org/slf4j/jul-to-slf4j/2.0.7/jul-to-slf4j-2.0.7.jar:/Users/changli/.m2/repository/jakarta/annotation/jakarta.annotation-api/2.1.1/jakarta.annotation-api-2.1.1.jar:/Users/changli/.m2/repository/org/yaml/snakeyaml/1.33/snakeyaml-1.33.jar:/Users/changli/.m2/repository/org/springframework/boot/spring-boot-actuator-autoconfigure/3.1.2/spring-boot-actuator-autoconfigure-3.1.2.jar:/Users/changli/.m2/repository/org/springframework/boot/spring-boot-actuator/3.1.2/spring-boot-actuator-3.1.2.jar:/Users/changli/.m2/repository/com/fasterxml/jackson/datatype/jackson-datatype-jsr310/2.15.2/jackson-datatype-jsr310-2.15.2.jar:/U
Launcher Type: SUN_STANDARD

[Global flags]
     intx CICompilerCount                          = 4                                         {product} {ergonomic}
     uint ConcGCThreads                            = 2                                         {product} {ergonomic}
     bool FlightRecorder                           = true                                      {product} {management}
     uint G1ConcRefinementThreads                  = 8                                         {product} {ergonomic}
   size_t G1HeapRegionSize                         = 2097152                                   {product} {ergonomic}
    uintx GCDrainStackTargetSize                   = 64                                        {product} {ergonomic}
   size_t InitialHeapSize                          = 268435456                                 {product} {ergonomic}
   size_t MarkStackSize                            = 4194304                                   {product} {ergonomic}
   size_t MaxHeapSize                              = 4294967296                                {product} {ergonomic}
   size_t MaxNewSize                               = 2575302656                                {product} {ergonomic}
   size_t MinHeapDeltaBytes                        = 2097152                                   {product} {ergonomic}
   size_t MinHeapSize                              = 8388608                                   {product} {ergonomic}
    uintx NonNMethodCodeHeapSize                   = 5839564                                {pd product} {ergonomic}
    uintx NonProfiledCodeHeapSize                  = 122909338                              {pd product} {ergonomic}
    uintx ProfiledCodeHeapSize                     = 122909338                              {pd product} {ergonomic}
    uintx ReservedCodeCacheSize                    = 251658240                              {pd product} {ergonomic}
     bool SegmentedCodeCache                       = true                                      {product} {ergonomic}
   size_t SoftMaxHeapSize                          = 4294967296                             {manageable} {ergonomic}
     bool UseCompressedClassPointers               = true                           {product lp64_product} {ergonomic}
     bool UseCompressedOops                        = true                           {product lp64_product} {ergonomic}
     bool UseG1GC                                  = true                                      {product} {ergonomic}
     bool UseNUMA                                  = false                                     {product} {ergonomic}
     bool UseNUMAInterleaving                      = false                                     {product} {ergonomic}

Logging:
Log output configuration:
 #0: stdout all=warning,jni+resolve=error uptime,level,tags (reconfigured)
 #1: stderr all=off uptime,level,tags

Environment Variables:
PATH=/opt/homebrew/share/postgresql@14/bin:/Users/changli/.pyenv/shims:/Users/changli/.rbenv/shims:/opt/homebrew/bin:/opt/homebrew/sbin:/Users/changli/.nvm/versions/node/v16.19.0/bin:/usr/local/bin:/usr/bin:/bin:/usr/sbin:/sbin:/usr/local/share/dotnet:~/.dotnet/tools:/Library/Apple/usr/bin:/Users/changli/.rvm/bin:/Users/changli/Library/Application Support/JetBrains/Toolbox/scripts
SHELL=/bin/zsh
LC_CTYPE=en_CA.UTF-8

Signal Handlers:
   SIGSEGV: _ZL13crash_handleriP9__siginfoPv in libjvm.dylib, mask=11100110000111110111111111111111, flags=SA_RESTART|SA_SIGINFO
    SIGBUS: _ZL13crash_handleriP9__siginfoPv in libjvm.dylib, mask=11100110000111110111111111111111, flags=SA_RESTART|SA_SIGINFO
    SIGFPE: _ZL13crash_handleriP9__siginfoPv in libjvm.dylib, mask=11100110000111110111111111111111, flags=SA_RESTART|SA_SIGINFO
   SIGPIPE: _ZL17javaSignalHandleriP9__siginfoPv in libjvm.dylib, mask=11100110000111110111111111111111, flags=SA_RESTART|SA_SIGINFO
   SIGXFSZ: _ZL17javaSignalHandleriP9__siginfoPv in libjvm.dylib, mask=11100110000111110111111111111111, flags=SA_RESTART|SA_SIGINFO
    SIGILL: _ZL13crash_handleriP9__siginfoPv in libjvm.dylib, mask=11100110000111110111111111111111, flags=SA_RESTART|SA_SIGINFO
   SIGUSR2: _ZL10SR_handleriP9__siginfoP17__darwin_ucontext in libjvm.dylib, mask=00100000000000000000000000000000, flags=SA_RESTART|SA_SIGINFO
    SIGHUP: _ZL11UserHandleriPvS_ in libjvm.dylib, mask=11100110000111110111111111111111, flags=SA_RESTART|SA_SIGINFO
    SIGINT: _ZL11UserHandleriPvS_ in libjvm.dylib, mask=11100110000111110111111111111111, flags=SA_RESTART|SA_SIGINFO
   SIGTERM: _ZL11UserHandleriPvS_ in libjvm.dylib, mask=11100110000111110111111111111111, flags=SA_RESTART|SA_SIGINFO
   SIGQUIT: _ZL11UserHandleriPvS_ in libjvm.dylib, mask=11100110000111110111111111111111, flags=SA_RESTART|SA_SIGINFO
   SIGTRAP: _ZL13crash_handleriP9__siginfoPv in libjvm.dylib, mask=11100110000111110111111111111111, flags=SA_RESTART|SA_SIGINFO


---------------  S Y S T E M  ---------------

OS:
uname: Darwin 21.6.0 Darwin Kernel Version 21.6.0: Wed Aug 10 14:28:23 PDT 2022; root:xnu-8020.141.5~2/RELEASE_ARM64_T6000 arm64
OS uptime: 1 days 15:14 hours
rlimit (soft/hard): STACK 8176k/65520k , CORE 0k/infinity , NPROC 2666/4000 , NOFILE 10240/infinity , AS infinity/infinity , CPU infinity/infinity , DATA infinity/infinity , FSIZE infinity/infinity , MEMLOCK infinity/infinity , RSS infinity/infinity
load average: 6.80 6.07 5.18

CPU: total 8 (initial active 8) 0x61:0x0:0x1b588bb3:0, fp, simd, crc, lse

Memory: 16k page, physical 16777216k(112256k free), swap 7340032k(1388288k free)

vm_info: Java HotSpot(TM) 64-Bit Server VM (17.0.7+8-LTS-224) for bsd-aarch64 JRE (17.0.7+8-LTS-224), built on Feb 28 2023 22:59:37 by "mach5one" with clang Apple LLVM 12.0.0 (clang-1200.0.32.29)

END.
